{"C:\\Users\\eloro\\Desktop\\La Fabrique Numérique\\Cours\\Examens\\cafthe-front\\src\\components\\CartDrawer.jsx": {"path":"C:\\Users\\eloro\\Desktop\\La Fabrique Numérique\\Cours\\Examens\\cafthe-front\\src\\components\\CartDrawer.jsx","statementMap":{"0":{"start":{"line":6,"column":19},"end":{"line":109,"column":null}},"1":{"start":{"line":7,"column":8},"end":{"line":7,"column":null}},"2":{"start":{"line":10,"column":2},"end":{"line":10,"column":null}},"3":{"start":{"line":10,"column":15},"end":{"line":10,"column":null}},"4":{"start":{"line":14,"column":17},"end":{"line":14,"column":null}},"5":{"start":{"line":18,"column":16},"end":{"line":22,"column":null}},"6":{"start":{"line":19,"column":25},"end":{"line":19,"column":null}},"7":{"start":{"line":20,"column":21},"end":{"line":20,"column":null}},"8":{"start":{"line":21,"column":4},"end":{"line":21,"column":null}},"9":{"start":{"line":24,"column":2},"end":{"line":107,"column":null}},"10":{"start":{"line":41,"column":36},"end":{"line":41,"column":null}},"11":{"start":{"line":44,"column":32},"end":{"line":46,"column":null}},"12":{"start":{"line":48,"column":14},"end":{"line":82,"column":null}},"13":{"start":{"line":55,"column":38},"end":{"line":55,"column":69}},"14":{"start":{"line":77,"column":35},"end":{"line":77,"column":null}},"15":{"start":{"line":97,"column":16},"end":{"line":97,"column":null}},"16":{"start":{"line":98,"column":16},"end":{"line":98,"column":null}}},"fnMap":{"0":{"name":"(anonymous_0)","decl":{"start":{"line":6,"column":19},"end":{"line":6,"column":20}},"loc":{"start":{"line":6,"column":67},"end":{"line":109,"column":null}},"line":6},"1":{"name":"(anonymous_1)","decl":{"start":{"line":18,"column":33},"end":{"line":18,"column":34}},"loc":{"start":{"line":18,"column":48},"end":{"line":22,"column":5}},"line":18},"2":{"name":"(anonymous_2)","decl":{"start":{"line":40,"column":26},"end":{"line":40,"column":27}},"loc":{"start":{"line":40,"column":36},"end":{"line":84,"column":13}},"line":40},"3":{"name":"(anonymous_3)","decl":{"start":{"line":55,"column":29},"end":{"line":55,"column":30}},"loc":{"start":{"line":55,"column":36},"end":{"line":55,"column":null}},"line":55},"4":{"name":"(anonymous_4)","decl":{"start":{"line":77,"column":29},"end":{"line":77,"column":35}},"loc":{"start":{"line":77,"column":35},"end":{"line":77,"column":null}},"line":77},"5":{"name":"(anonymous_5)","decl":{"start":{"line":96,"column":23},"end":{"line":96,"column":29}},"loc":{"start":{"line":96,"column":29},"end":{"line":99,"column":null}},"line":96}},"branchMap":{"0":{"loc":{"start":{"line":10,"column":2},"end":{"line":10,"column":null}},"type":"if","locations":[{"start":{"line":10,"column":2},"end":{"line":10,"column":null}},{"start":{},"end":{}}],"line":10},"1":{"loc":{"start":{"line":14,"column":17},"end":{"line":14,"column":null}},"type":"binary-expr","locations":[{"start":{"line":14,"column":17},"end":{"line":14,"column":49}},{"start":{"line":14,"column":49},"end":{"line":14,"column":null}}],"line":14},"2":{"loc":{"start":{"line":19,"column":25},"end":{"line":19,"column":null}},"type":"binary-expr","locations":[{"start":{"line":19,"column":25},"end":{"line":19,"column":50}},{"start":{"line":19,"column":50},"end":{"line":19,"column":71}},{"start":{"line":19,"column":71},"end":{"line":19,"column":null}}],"line":19},"3":{"loc":{"start":{"line":20,"column":21},"end":{"line":20,"column":null}},"type":"binary-expr","locations":[{"start":{"line":20,"column":21},"end":{"line":20,"column":46}},{"start":{"line":20,"column":46},"end":{"line":20,"column":null}}],"line":20},"4":{"loc":{"start":{"line":36,"column":11},"end":{"line":84,"column":null}},"type":"cond-expr","locations":[{"start":{"line":37,"column":12},"end":{"line":37,"column":null}},{"start":{"line":40,"column":12},"end":{"line":84,"column":null}}],"line":36},"5":{"loc":{"start":{"line":41,"column":36},"end":{"line":41,"column":null}},"type":"binary-expr","locations":[{"start":{"line":41,"column":36},"end":{"line":41,"column":61}},{"start":{"line":41,"column":61},"end":{"line":41,"column":82}},{"start":{"line":41,"column":82},"end":{"line":41,"column":null}}],"line":41},"6":{"loc":{"start":{"line":44,"column":32},"end":{"line":46,"column":null}},"type":"cond-expr","locations":[{"start":{"line":45,"column":18},"end":{"line":45,"column":null}},{"start":{"line":46,"column":18},"end":{"line":46,"column":null}}],"line":44},"7":{"loc":{"start":{"line":46,"column":38},"end":{"line":46,"column":65}},"type":"binary-expr","locations":[{"start":{"line":46,"column":38},"end":{"line":46,"column":52}},{"start":{"line":46,"column":52},"end":{"line":46,"column":65}}],"line":46},"8":{"loc":{"start":{"line":52,"column":25},"end":{"line":52,"column":null}},"type":"binary-expr","locations":[{"start":{"line":52,"column":25},"end":{"line":52,"column":45}},{"start":{"line":52,"column":45},"end":{"line":52,"column":null}}],"line":52},"9":{"loc":{"start":{"line":59,"column":55},"end":{"line":59,"column":84}},"type":"binary-expr","locations":[{"start":{"line":59,"column":55},"end":{"line":59,"column":75}},{"start":{"line":59,"column":75},"end":{"line":59,"column":84}}],"line":59},"10":{"loc":{"start":{"line":63,"column":23},"end":{"line":67,"column":null}},"type":"cond-expr","locations":[{"start":{"line":64,"column":26},"end":{"line":64,"column":null}},{"start":{"line":65,"column":26},"end":{"line":67,"column":null}}],"line":63},"11":{"loc":{"start":{"line":64,"column":26},"end":{"line":64,"column":null}},"type":"binary-expr","locations":[{"start":{"line":64,"column":26},"end":{"line":64,"column":41}},{"start":{"line":64,"column":41},"end":{"line":64,"column":null}}],"line":64},"12":{"loc":{"start":{"line":65,"column":26},"end":{"line":67,"column":null}},"type":"cond-expr","locations":[{"start":{"line":66,"column":28},"end":{"line":66,"column":null}},{"start":{"line":67,"column":28},"end":{"line":67,"column":null}}],"line":65},"13":{"loc":{"start":{"line":65,"column":26},"end":{"line":65,"column":null}},"type":"binary-expr","locations":[{"start":{"line":65,"column":26},"end":{"line":65,"column":53}},{"start":{"line":65,"column":53},"end":{"line":65,"column":82}},{"start":{"line":65,"column":82},"end":{"line":65,"column":null}}],"line":65},"14":{"loc":{"start":{"line":67,"column":41},"end":{"line":67,"column":82}},"type":"binary-expr","locations":[{"start":{"line":67,"column":41},"end":{"line":67,"column":62}},{"start":{"line":67,"column":62},"end":{"line":67,"column":77}},{"start":{"line":67,"column":77},"end":{"line":67,"column":82}}],"line":67},"15":{"loc":{"start":{"line":77,"column":35},"end":{"line":77,"column":null}},"type":"binary-expr","locations":[{"start":{"line":77,"column":35},"end":{"line":77,"column":49}},{"start":{"line":77,"column":49},"end":{"line":77,"column":null}}],"line":77},"16":{"loc":{"start":{"line":89,"column":9},"end":{"line":104,"column":null}},"type":"binary-expr","locations":[{"start":{"line":89,"column":9},"end":{"line":89,"column":null}},{"start":{"line":90,"column":10},"end":{"line":104,"column":null}}],"line":89}},"s":{"0":0,"1":0,"2":0,"3":0,"4":0,"5":0,"6":0,"7":0,"8":0,"9":0,"10":0,"11":0,"12":0,"13":0,"14":0,"15":0,"16":0},"f":{"0":0,"1":0,"2":0,"3":0,"4":0,"5":0},"b":{"0":[0,0],"1":[0,0],"2":[0,0,0],"3":[0,0],"4":[0,0],"5":[0,0,0],"6":[0,0],"7":[0,0],"8":[0,0],"9":[0,0],"10":[0,0],"11":[0,0],"12":[0,0],"13":[0,0,0],"14":[0,0,0],"15":[0,0],"16":[0,0]},"meta":{"lastBranch":17,"lastFunction":6,"lastStatement":17,"seen":{"s:6:19:109:Infinity":0,"f:6:19:6:20":0,"s:7:8:7:Infinity":1,"b:10:2:10:Infinity:undefined:undefined:undefined:undefined":0,"s:10:2:10:Infinity":2,"s:10:15:10:Infinity":3,"s:14:17:14:Infinity":4,"b:14:17:14:49:14:49:14:Infinity":1,"s:18:16:22:Infinity":5,"f:18:33:18:34":1,"s:19:25:19:Infinity":6,"b:19:25:19:50:19:50:19:71:19:71:19:Infinity":2,"s:20:21:20:Infinity":7,"b:20:21:20:46:20:46:20:Infinity":3,"s:21:4:21:Infinity":8,"s:24:2:107:Infinity":9,"b:37:12:37:Infinity:40:12:84:Infinity":4,"f:40:26:40:27":2,"s:41:36:41:Infinity":10,"b:41:36:41:61:41:61:41:82:41:82:41:Infinity":5,"s:44:32:46:Infinity":11,"b:45:18:45:Infinity:46:18:46:Infinity":6,"b:46:38:46:52:46:52:46:65":7,"s:48:14:82:Infinity":12,"b:52:25:52:45:52:45:52:Infinity":8,"f:55:29:55:30":3,"s:55:38:55:69":13,"b:59:55:59:75:59:75:59:84":9,"b:64:26:64:Infinity:65:26:67:Infinity":10,"b:64:26:64:41:64:41:64:Infinity":11,"b:66:28:66:Infinity:67:28:67:Infinity":12,"b:65:26:65:53:65:53:65:82:65:82:65:Infinity":13,"b:67:41:67:62:67:62:67:77:67:77:67:82":14,"f:77:29:77:35":4,"s:77:35:77:Infinity":14,"b:77:35:77:49:77:49:77:Infinity":15,"b:89:9:89:Infinity:90:10:104:Infinity":16,"f:96:23:96:29":5,"s:97:16:97:Infinity":15,"s:98:16:98:Infinity":16}}}
,"C:\\Users\\eloro\\Desktop\\La Fabrique Numérique\\Cours\\Examens\\cafthe-front\\src\\components\\CookieBanner.jsx": {"path":"C:\\Users\\eloro\\Desktop\\La Fabrique Numérique\\Cours\\Examens\\cafthe-front\\src\\components\\CookieBanner.jsx","statementMap":{"0":{"start":{"line":4,"column":21},"end":{"line":50,"column":null}},"1":{"start":{"line":5,"column":32},"end":{"line":5,"column":null}},"2":{"start":{"line":7,"column":2},"end":{"line":13,"column":null}},"3":{"start":{"line":9,"column":20},"end":{"line":9,"column":null}},"4":{"start":{"line":10,"column":4},"end":{"line":12,"column":null}},"5":{"start":{"line":11,"column":6},"end":{"line":11,"column":null}},"6":{"start":{"line":15,"column":24},"end":{"line":22,"column":null}},"7":{"start":{"line":16,"column":4},"end":{"line":16,"column":null}},"8":{"start":{"line":17,"column":4},"end":{"line":17,"column":null}},"9":{"start":{"line":19,"column":4},"end":{"line":21,"column":null}},"10":{"start":{"line":20,"column":6},"end":{"line":20,"column":null}},"11":{"start":{"line":24,"column":2},"end":{"line":24,"column":null}},"12":{"start":{"line":24,"column":18},"end":{"line":24,"column":null}},"13":{"start":{"line":26,"column":2},"end":{"line":48,"column":null}},"14":{"start":{"line":35,"column":27},"end":{"line":35,"column":null}},"15":{"start":{"line":41,"column":27},"end":{"line":41,"column":null}}},"fnMap":{"0":{"name":"(anonymous_0)","decl":{"start":{"line":4,"column":21},"end":{"line":4,"column":27}},"loc":{"start":{"line":4,"column":27},"end":{"line":50,"column":null}},"line":4},"1":{"name":"(anonymous_1)","decl":{"start":{"line":7,"column":12},"end":{"line":7,"column":18}},"loc":{"start":{"line":7,"column":18},"end":{"line":13,"column":5}},"line":7},"2":{"name":"(anonymous_2)","decl":{"start":{"line":15,"column":24},"end":{"line":15,"column":25}},"loc":{"start":{"line":15,"column":36},"end":{"line":22,"column":null}},"line":15},"3":{"name":"(anonymous_3)","decl":{"start":{"line":35,"column":21},"end":{"line":35,"column":27}},"loc":{"start":{"line":35,"column":27},"end":{"line":35,"column":null}},"line":35},"4":{"name":"(anonymous_4)","decl":{"start":{"line":41,"column":21},"end":{"line":41,"column":27}},"loc":{"start":{"line":41,"column":27},"end":{"line":41,"column":null}},"line":41}},"branchMap":{"0":{"loc":{"start":{"line":10,"column":4},"end":{"line":12,"column":null}},"type":"if","locations":[{"start":{"line":10,"column":4},"end":{"line":12,"column":null}},{"start":{},"end":{}}],"line":10},"1":{"loc":{"start":{"line":19,"column":4},"end":{"line":21,"column":null}},"type":"if","locations":[{"start":{"line":19,"column":4},"end":{"line":21,"column":null}},{"start":{},"end":{}}],"line":19},"2":{"loc":{"start":{"line":24,"column":2},"end":{"line":24,"column":null}},"type":"if","locations":[{"start":{"line":24,"column":2},"end":{"line":24,"column":null}},{"start":{},"end":{}}],"line":24}},"s":{"0":0,"1":0,"2":0,"3":0,"4":0,"5":0,"6":0,"7":0,"8":0,"9":0,"10":0,"11":0,"12":0,"13":0,"14":0,"15":0},"f":{"0":0,"1":0,"2":0,"3":0,"4":0},"b":{"0":[0,0],"1":[0,0],"2":[0,0]},"meta":{"lastBranch":3,"lastFunction":5,"lastStatement":16,"seen":{"s:4:21:50:Infinity":0,"f:4:21:4:27":0,"s:5:32:5:Infinity":1,"s:7:2:13:Infinity":2,"f:7:12:7:18":1,"s:9:20:9:Infinity":3,"b:10:4:12:Infinity:undefined:undefined:undefined:undefined":0,"s:10:4:12:Infinity":4,"s:11:6:11:Infinity":5,"s:15:24:22:Infinity":6,"f:15:24:15:25":2,"s:16:4:16:Infinity":7,"s:17:4:17:Infinity":8,"b:19:4:21:Infinity:undefined:undefined:undefined:undefined":1,"s:19:4:21:Infinity":9,"s:20:6:20:Infinity":10,"b:24:2:24:Infinity:undefined:undefined:undefined:undefined":2,"s:24:2:24:Infinity":11,"s:24:18:24:Infinity":12,"s:26:2:48:Infinity":13,"f:35:21:35:27":3,"s:35:27:35:Infinity":14,"f:41:21:41:27":4,"s:41:27:41:Infinity":15}}}
,"C:\\Users\\eloro\\Desktop\\La Fabrique Numérique\\Cours\\Examens\\cafthe-front\\src\\components\\Footer.jsx": {"path":"C:\\Users\\eloro\\Desktop\\La Fabrique Numérique\\Cours\\Examens\\cafthe-front\\src\\components\\Footer.jsx","statementMap":{"0":{"start":{"line":5,"column":15},"end":{"line":68,"column":null}},"1":{"start":{"line":6,"column":2},"end":{"line":66,"column":null}}},"fnMap":{"0":{"name":"(anonymous_0)","decl":{"start":{"line":5,"column":15},"end":{"line":5,"column":21}},"loc":{"start":{"line":5,"column":21},"end":{"line":68,"column":null}},"line":5}},"branchMap":{},"s":{"0":0,"1":0},"f":{"0":0},"b":{},"meta":{"lastBranch":0,"lastFunction":1,"lastStatement":2,"seen":{"s:5:15:68:Infinity":0,"f:5:15:5:21":0,"s:6:2:66:Infinity":1}}}
,"C:\\Users\\eloro\\Desktop\\La Fabrique Numérique\\Cours\\Examens\\cafthe-front\\src\\components\\NavBar.jsx": {"path":"C:\\Users\\eloro\\Desktop\\La Fabrique Numérique\\Cours\\Examens\\cafthe-front\\src\\components\\NavBar.jsx","statementMap":{"0":{"start":{"line":6,"column":15},"end":{"line":154,"column":null}},"1":{"start":{"line":7,"column":8},"end":{"line":7,"column":null}},"2":{"start":{"line":8,"column":26},"end":{"line":8,"column":null}},"3":{"start":{"line":9,"column":32},"end":{"line":9,"column":null}},"4":{"start":{"line":10,"column":34},"end":{"line":10,"column":null}},"5":{"start":{"line":12,"column":22},"end":{"line":12,"column":null}},"6":{"start":{"line":13,"column":44},"end":{"line":13,"column":null}},"7":{"start":{"line":15,"column":27},"end":{"line":24,"column":null}},"8":{"start":{"line":16,"column":22},"end":{"line":16,"column":null}},"9":{"start":{"line":17,"column":4},"end":{"line":23,"column":null}},"10":{"start":{"line":18,"column":6},"end":{"line":18,"column":null}},"11":{"start":{"line":19,"column":6},"end":{"line":19,"column":null}},"12":{"start":{"line":21,"column":6},"end":{"line":21,"column":null}},"13":{"start":{"line":22,"column":6},"end":{"line":22,"column":null}},"14":{"start":{"line":26,"column":26},"end":{"line":33,"column":null}},"15":{"start":{"line":27,"column":19},"end":{"line":27,"column":null}},"16":{"start":{"line":28,"column":18},"end":{"line":31,"column":null}},"17":{"start":{"line":29,"column":21},"end":{"line":29,"column":null}},"18":{"start":{"line":32,"column":4},"end":{"line":32,"column":null}},"19":{"start":{"line":35,"column":2},"end":{"line":50,"column":null}},"20":{"start":{"line":36,"column":4},"end":{"line":36,"column":null}},"21":{"start":{"line":37,"column":4},"end":{"line":37,"column":null}},"22":{"start":{"line":38,"column":4},"end":{"line":38,"column":null}},"23":{"start":{"line":39,"column":4},"end":{"line":42,"column":null}},"24":{"start":{"line":40,"column":6},"end":{"line":40,"column":null}},"25":{"start":{"line":41,"column":6},"end":{"line":41,"column":null}},"26":{"start":{"line":43,"column":4},"end":{"line":43,"column":null}},"27":{"start":{"line":45,"column":4},"end":{"line":49,"column":null}},"28":{"start":{"line":46,"column":6},"end":{"line":46,"column":null}},"29":{"start":{"line":47,"column":6},"end":{"line":47,"column":null}},"30":{"start":{"line":48,"column":6},"end":{"line":48,"column":null}},"31":{"start":{"line":52,"column":21},"end":{"line":52,"column":null}},"32":{"start":{"line":52,"column":27},"end":{"line":52,"column":null}},"33":{"start":{"line":54,"column":23},"end":{"line":61,"column":null}},"34":{"start":{"line":55,"column":4},"end":{"line":55,"column":null}},"35":{"start":{"line":56,"column":4},"end":{"line":56,"column":null}},"36":{"start":{"line":57,"column":4},"end":{"line":57,"column":null}},"37":{"start":{"line":58,"column":4},"end":{"line":58,"column":null}},"38":{"start":{"line":59,"column":4},"end":{"line":59,"column":null}},"39":{"start":{"line":60,"column":4},"end":{"line":60,"column":null}},"40":{"start":{"line":63,"column":2},"end":{"line":152,"column":null}}},"fnMap":{"0":{"name":"(anonymous_0)","decl":{"start":{"line":6,"column":15},"end":{"line":6,"column":21}},"loc":{"start":{"line":6,"column":21},"end":{"line":154,"column":null}},"line":6},"1":{"name":"(anonymous_1)","decl":{"start":{"line":15,"column":27},"end":{"line":15,"column":33}},"loc":{"start":{"line":15,"column":33},"end":{"line":24,"column":null}},"line":15},"2":{"name":"(anonymous_2)","decl":{"start":{"line":26,"column":26},"end":{"line":26,"column":32}},"loc":{"start":{"line":26,"column":32},"end":{"line":33,"column":null}},"line":26},"3":{"name":"(anonymous_3)","decl":{"start":{"line":29,"column":6},"end":{"line":29,"column":7}},"loc":{"start":{"line":29,"column":21},"end":{"line":29,"column":null}},"line":29},"4":{"name":"(anonymous_4)","decl":{"start":{"line":35,"column":12},"end":{"line":35,"column":18}},"loc":{"start":{"line":35,"column":18},"end":{"line":50,"column":5}},"line":35},"5":{"name":"(anonymous_5)","decl":{"start":{"line":39,"column":39},"end":{"line":39,"column":45}},"loc":{"start":{"line":39,"column":45},"end":{"line":42,"column":5}},"line":39},"6":{"name":"(anonymous_6)","decl":{"start":{"line":45,"column":11},"end":{"line":45,"column":17}},"loc":{"start":{"line":45,"column":17},"end":{"line":49,"column":null}},"line":45},"7":{"name":"(anonymous_7)","decl":{"start":{"line":52,"column":21},"end":{"line":52,"column":27}},"loc":{"start":{"line":52,"column":27},"end":{"line":52,"column":null}},"line":52},"8":{"name":"(anonymous_8)","decl":{"start":{"line":54,"column":23},"end":{"line":54,"column":29}},"loc":{"start":{"line":54,"column":29},"end":{"line":61,"column":null}},"line":54}},"branchMap":{"0":{"loc":{"start":{"line":17,"column":4},"end":{"line":23,"column":null}},"type":"if","locations":[{"start":{"line":17,"column":4},"end":{"line":23,"column":null}},{"start":{"line":20,"column":11},"end":{"line":23,"column":null}}],"line":17},"1":{"loc":{"start":{"line":27,"column":19},"end":{"line":27,"column":null}},"type":"binary-expr","locations":[{"start":{"line":27,"column":19},"end":{"line":27,"column":65}},{"start":{"line":27,"column":65},"end":{"line":27,"column":null}}],"line":27},"2":{"loc":{"start":{"line":29,"column":28},"end":{"line":29,"column":null}},"type":"binary-expr","locations":[{"start":{"line":29,"column":28},"end":{"line":29,"column":53}},{"start":{"line":29,"column":53},"end":{"line":29,"column":null}}],"line":29},"3":{"loc":{"start":{"line":76,"column":7},"end":{"line":76,"column":null}},"type":"binary-expr","locations":[{"start":{"line":76,"column":7},"end":{"line":76,"column":17}},{"start":{"line":76,"column":17},"end":{"line":76,"column":null}}],"line":76},"4":{"loc":{"start":{"line":79,"column":38},"end":{"line":79,"column":58}},"type":"cond-expr","locations":[{"start":{"line":79,"column":47},"end":{"line":79,"column":56}},{"start":{"line":79,"column":56},"end":{"line":79,"column":58}}],"line":79},"5":{"loc":{"start":{"line":88,"column":13},"end":{"line":88,"column":null}},"type":"binary-expr","locations":[{"start":{"line":88,"column":13},"end":{"line":88,"column":30}},{"start":{"line":88,"column":30},"end":{"line":88,"column":null}}],"line":88},"6":{"loc":{"start":{"line":93,"column":16},"end":{"line":93,"column":null}},"type":"cond-expr","locations":[{"start":{"line":93,"column":34},"end":{"line":93,"column":50}},{"start":{"line":93,"column":50},"end":{"line":93,"column":null}}],"line":93},"7":{"loc":{"start":{"line":102,"column":13},"end":{"line":102,"column":null}},"type":"cond-expr","locations":[{"start":{"line":102,"column":26},"end":{"line":102,"column":33}},{"start":{"line":102,"column":33},"end":{"line":102,"column":null}}],"line":102},"8":{"loc":{"start":{"line":126,"column":11},"end":{"line":148,"column":null}},"type":"cond-expr","locations":[{"start":{"line":127,"column":12},"end":{"line":140,"column":null}},{"start":{"line":142,"column":12},"end":{"line":148,"column":null}}],"line":126},"9":{"loc":{"start":{"line":131,"column":19},"end":{"line":131,"column":null}},"type":"binary-expr","locations":[{"start":{"line":131,"column":19},"end":{"line":131,"column":42}},{"start":{"line":131,"column":42},"end":{"line":131,"column":58}},{"start":{"line":131,"column":58},"end":{"line":131,"column":null}}],"line":131}},"s":{"0":0,"1":0,"2":0,"3":0,"4":0,"5":0,"6":0,"7":0,"8":0,"9":0,"10":0,"11":0,"12":0,"13":0,"14":0,"15":0,"16":0,"17":0,"18":0,"19":0,"20":0,"21":0,"22":0,"23":0,"24":0,"25":0,"26":0,"27":0,"28":0,"29":0,"30":0,"31":0,"32":0,"33":0,"34":0,"35":0,"36":0,"37":0,"38":0,"39":0,"40":0},"f":{"0":0,"1":0,"2":0,"3":0,"4":0,"5":0,"6":0,"7":0,"8":0},"b":{"0":[0,0],"1":[0,0],"2":[0,0],"3":[0,0],"4":[0,0],"5":[0,0],"6":[0,0],"7":[0,0],"8":[0,0],"9":[0,0,0]},"meta":{"lastBranch":10,"lastFunction":9,"lastStatement":41,"seen":{"s:6:15:154:Infinity":0,"f:6:15:6:21":0,"s:7:8:7:Infinity":1,"s:8:26:8:Infinity":2,"s:9:32:9:Infinity":3,"s:10:34:10:Infinity":4,"s:12:22:12:Infinity":5,"s:13:44:13:Infinity":6,"s:15:27:24:Infinity":7,"f:15:27:15:33":1,"s:16:22:16:Infinity":8,"b:17:4:23:Infinity:20:11:23:Infinity":0,"s:17:4:23:Infinity":9,"s:18:6:18:Infinity":10,"s:19:6:19:Infinity":11,"s:21:6:21:Infinity":12,"s:22:6:22:Infinity":13,"s:26:26:33:Infinity":14,"f:26:26:26:32":2,"s:27:19:27:Infinity":15,"b:27:19:27:65:27:65:27:Infinity":1,"s:28:18:31:Infinity":16,"f:29:6:29:7":3,"s:29:21:29:Infinity":17,"b:29:28:29:53:29:53:29:Infinity":2,"s:32:4:32:Infinity":18,"s:35:2:50:Infinity":19,"f:35:12:35:18":4,"s:36:4:36:Infinity":20,"s:37:4:37:Infinity":21,"s:38:4:38:Infinity":22,"s:39:4:42:Infinity":23,"f:39:39:39:45":5,"s:40:6:40:Infinity":24,"s:41:6:41:Infinity":25,"s:43:4:43:Infinity":26,"s:45:4:49:Infinity":27,"f:45:11:45:17":6,"s:46:6:46:Infinity":28,"s:47:6:47:Infinity":29,"s:48:6:48:Infinity":30,"s:52:21:52:Infinity":31,"f:52:21:52:27":7,"s:52:27:52:Infinity":32,"s:54:23:61:Infinity":33,"f:54:23:54:29":8,"s:55:4:55:Infinity":34,"s:56:4:56:Infinity":35,"s:57:4:57:Infinity":36,"s:58:4:58:Infinity":37,"s:59:4:59:Infinity":38,"s:60:4:60:Infinity":39,"s:63:2:152:Infinity":40,"b:76:7:76:17:76:17:76:Infinity":3,"b:79:47:79:56:79:56:79:58":4,"b:88:13:88:30:88:30:88:Infinity":5,"b:93:34:93:50:93:50:93:Infinity":6,"b:102:26:102:33:102:33:102:Infinity":7,"b:127:12:140:Infinity:142:12:148:Infinity":8,"b:131:19:131:42:131:42:131:58:131:58:131:Infinity":9}}}
,"C:\\Users\\eloro\\Desktop\\La Fabrique Numérique\\Cours\\Examens\\cafthe-front\\src\\components\\ProductCard.jsx": {"path":"C:\\Users\\eloro\\Desktop\\La Fabrique Numérique\\Cours\\Examens\\cafthe-front\\src\\components\\ProductCard.jsx","statementMap":{"0":{"start":{"line":5,"column":20},"end":{"line":113,"column":null}},"1":{"start":{"line":7,"column":17},"end":{"line":7,"column":null}},"2":{"start":{"line":8,"column":19},"end":{"line":8,"column":null}},"3":{"start":{"line":9,"column":16},"end":{"line":9,"column":null}},"4":{"start":{"line":10,"column":13},"end":{"line":10,"column":null}},"5":{"start":{"line":11,"column":8},"end":{"line":11,"column":null}},"6":{"start":{"line":13,"column":19},"end":{"line":13,"column":null}},"7":{"start":{"line":14,"column":20},"end":{"line":14,"column":null}},"8":{"start":{"line":18,"column":5},"end":{"line":20,"column":null}},"9":{"start":{"line":22,"column":2},"end":{"line":37,"column":null}},"10":{"start":{"line":23,"column":4},"end":{"line":23,"column":null}},"11":{"start":{"line":24,"column":4},"end":{"line":24,"column":null}},"12":{"start":{"line":25,"column":2},"end":{"line":37,"column":null}},"13":{"start":{"line":31,"column":4},"end":{"line":31,"column":null}},"14":{"start":{"line":32,"column":4},"end":{"line":32,"column":null}},"15":{"start":{"line":35,"column":4},"end":{"line":35,"column":null}},"16":{"start":{"line":36,"column":4},"end":{"line":36,"column":null}},"17":{"start":{"line":40,"column":26},"end":{"line":62,"column":null}},"18":{"start":{"line":42,"column":24},"end":{"line":42,"column":null}},"19":{"start":{"line":44,"column":22},"end":{"line":54,"column":null}},"20":{"start":{"line":57,"column":4},"end":{"line":57,"column":null}},"21":{"start":{"line":60,"column":4},"end":{"line":60,"column":null}},"22":{"start":{"line":61,"column":4},"end":{"line":61,"column":null}},"23":{"start":{"line":64,"column":2},"end":{"line":111,"column":null}}},"fnMap":{"0":{"name":"(anonymous_0)","decl":{"start":{"line":5,"column":20},"end":{"line":5,"column":21}},"loc":{"start":{"line":5,"column":50},"end":{"line":113,"column":null}},"line":5},"1":{"name":"(anonymous_1)","decl":{"start":{"line":40,"column":26},"end":{"line":40,"column":32}},"loc":{"start":{"line":40,"column":32},"end":{"line":62,"column":null}},"line":40}},"branchMap":{"0":{"loc":{"start":{"line":7,"column":17},"end":{"line":7,"column":null}},"type":"binary-expr","locations":[{"start":{"line":7,"column":17},"end":{"line":7,"column":49}},{"start":{"line":7,"column":49},"end":{"line":7,"column":null}}],"line":7},"1":{"loc":{"start":{"line":11,"column":18},"end":{"line":11,"column":45}},"type":"binary-expr","locations":[{"start":{"line":11,"column":18},"end":{"line":11,"column":41}},{"start":{"line":11,"column":41},"end":{"line":11,"column":45}}],"line":11},"2":{"loc":{"start":{"line":18,"column":5},"end":{"line":20,"column":null}},"type":"binary-expr","locations":[{"start":{"line":18,"column":5},"end":{"line":18,"column":18}},{"start":{"line":18,"column":18},"end":{"line":18,"column":null}},{"start":{"line":19,"column":4},"end":{"line":19,"column":null}},{"start":{"line":20,"column":4},"end":{"line":20,"column":null}}],"line":18},"3":{"loc":{"start":{"line":22,"column":2},"end":{"line":37,"column":null}},"type":"if","locations":[{"start":{"line":22,"column":2},"end":{"line":37,"column":null}},{"start":{"line":25,"column":2},"end":{"line":37,"column":null}}],"line":22},"4":{"loc":{"start":{"line":25,"column":2},"end":{"line":37,"column":null}},"type":"if","locations":[{"start":{"line":25,"column":2},"end":{"line":37,"column":null}},{"start":{"line":33,"column":9},"end":{"line":37,"column":null}}],"line":25},"5":{"loc":{"start":{"line":26,"column":4},"end":{"line":29,"column":null}},"type":"binary-expr","locations":[{"start":{"line":26,"column":4},"end":{"line":26,"column":null}},{"start":{"line":27,"column":4},"end":{"line":27,"column":null}},{"start":{"line":28,"column":4},"end":{"line":28,"column":null}},{"start":{"line":29,"column":4},"end":{"line":29,"column":null}}],"line":26},"6":{"loc":{"start":{"line":42,"column":24},"end":{"line":42,"column":null}},"type":"binary-expr","locations":[{"start":{"line":42,"column":24},"end":{"line":42,"column":70}},{"start":{"line":42,"column":70},"end":{"line":42,"column":null}}],"line":42},"7":{"loc":{"start":{"line":48,"column":12},"end":{"line":48,"column":null}},"type":"binary-expr","locations":[{"start":{"line":48,"column":12},"end":{"line":48,"column":44}},{"start":{"line":48,"column":44},"end":{"line":48,"column":null}}],"line":48},"8":{"loc":{"start":{"line":67,"column":7},"end":{"line":67,"column":null}},"type":"binary-expr","locations":[{"start":{"line":67,"column":7},"end":{"line":67,"column":22}},{"start":{"line":67,"column":22},"end":{"line":67,"column":null}}],"line":67},"9":{"loc":{"start":{"line":77,"column":9},"end":{"line":78,"column":null}},"type":"binary-expr","locations":[{"start":{"line":77,"column":9},"end":{"line":77,"column":22}},{"start":{"line":77,"column":22},"end":{"line":77,"column":null}},{"start":{"line":78,"column":10},"end":{"line":78,"column":null}}],"line":77},"10":{"loc":{"start":{"line":93,"column":13},"end":{"line":106,"column":null}},"type":"cond-expr","locations":[{"start":{"line":94,"column":14},"end":{"line":104,"column":null}},{"start":{"line":106,"column":14},"end":{"line":106,"column":null}}],"line":93}},"s":{"0":0,"1":0,"2":0,"3":0,"4":0,"5":0,"6":0,"7":0,"8":0,"9":0,"10":0,"11":0,"12":0,"13":0,"14":0,"15":0,"16":0,"17":0,"18":0,"19":0,"20":0,"21":0,"22":0,"23":0},"f":{"0":0,"1":0},"b":{"0":[0,0],"1":[0,0],"2":[0,0,0,0],"3":[0,0],"4":[0,0],"5":[0,0,0,0],"6":[0,0],"7":[0,0],"8":[0,0],"9":[0,0,0],"10":[0,0]},"meta":{"lastBranch":11,"lastFunction":2,"lastStatement":24,"seen":{"s:5:20:113:Infinity":0,"f:5:20:5:21":0,"s:7:17:7:Infinity":1,"b:7:17:7:49:7:49:7:Infinity":0,"s:8:19:8:Infinity":2,"s:9:16:9:Infinity":3,"s:10:13:10:Infinity":4,"s:11:8:11:Infinity":5,"b:11:18:11:41:11:41:11:45":1,"s:13:19:13:Infinity":6,"s:14:20:14:Infinity":7,"s:18:5:20:Infinity":8,"b:18:5:18:18:18:18:18:Infinity:19:4:19:Infinity:20:4:20:Infinity":2,"b:22:2:37:Infinity:25:2:37:Infinity":3,"s:22:2:37:Infinity":9,"s:23:4:23:Infinity":10,"s:24:4:24:Infinity":11,"b:25:2:37:Infinity:33:9:37:Infinity":4,"s:25:2:37:Infinity":12,"b:26:4:26:Infinity:27:4:27:Infinity:28:4:28:Infinity:29:4:29:Infinity":5,"s:31:4:31:Infinity":13,"s:32:4:32:Infinity":14,"s:35:4:35:Infinity":15,"s:36:4:36:Infinity":16,"s:40:26:62:Infinity":17,"f:40:26:40:32":1,"s:42:24:42:Infinity":18,"b:42:24:42:70:42:70:42:Infinity":6,"s:44:22:54:Infinity":19,"b:48:12:48:44:48:44:48:Infinity":7,"s:57:4:57:Infinity":20,"s:60:4:60:Infinity":21,"s:61:4:61:Infinity":22,"s:64:2:111:Infinity":23,"b:67:7:67:22:67:22:67:Infinity":8,"b:77:9:77:22:77:22:77:Infinity:78:10:78:Infinity":9,"b:94:14:104:Infinity:106:14:106:Infinity":10}}}
,"C:\\Users\\eloro\\Desktop\\La Fabrique Numérique\\Cours\\Examens\\cafthe-front\\src\\components\\ProductQuickView.jsx": {"path":"C:\\Users\\eloro\\Desktop\\La Fabrique Numérique\\Cours\\Examens\\cafthe-front\\src\\components\\ProductQuickView.jsx","statementMap":{"0":{"start":{"line":4,"column":25},"end":{"line":55,"column":null}},"1":{"start":{"line":5,"column":2},"end":{"line":5,"column":null}},"2":{"start":{"line":5,"column":16},"end":{"line":5,"column":null}},"3":{"start":{"line":7,"column":17},"end":{"line":7,"column":null}},"4":{"start":{"line":8,"column":19},"end":{"line":8,"column":null}},"5":{"start":{"line":10,"column":2},"end":{"line":53,"column":null}},"6":{"start":{"line":12,"column":55},"end":{"line":12,"column":null}},"7":{"start":{"line":34,"column":41},"end":{"line":42,"column":null}},"8":{"start":{"line":44,"column":16},"end":{"line":44,"column":null}},"9":{"start":{"line":45,"column":16},"end":{"line":45,"column":null}}},"fnMap":{"0":{"name":"(anonymous_0)","decl":{"start":{"line":4,"column":25},"end":{"line":4,"column":26}},"loc":{"start":{"line":4,"column":64},"end":{"line":55,"column":null}},"line":4},"1":{"name":"(anonymous_1)","decl":{"start":{"line":12,"column":48},"end":{"line":12,"column":49}},"loc":{"start":{"line":12,"column":55},"end":{"line":12,"column":null}},"line":12},"2":{"name":"(anonymous_2)","decl":{"start":{"line":33,"column":23},"end":{"line":33,"column":29}},"loc":{"start":{"line":33,"column":29},"end":{"line":46,"column":null}},"line":33}},"branchMap":{"0":{"loc":{"start":{"line":5,"column":2},"end":{"line":5,"column":null}},"type":"if","locations":[{"start":{"line":5,"column":2},"end":{"line":5,"column":null}},{"start":{},"end":{}}],"line":5},"1":{"loc":{"start":{"line":7,"column":17},"end":{"line":7,"column":null}},"type":"binary-expr","locations":[{"start":{"line":7,"column":17},"end":{"line":7,"column":49}},{"start":{"line":7,"column":49},"end":{"line":7,"column":null}}],"line":7},"2":{"loc":{"start":{"line":41,"column":26},"end":{"line":41,"column":null}},"type":"binary-expr","locations":[{"start":{"line":41,"column":26},"end":{"line":41,"column":44}},{"start":{"line":41,"column":44},"end":{"line":41,"column":null}}],"line":41}},"s":{"0":0,"1":0,"2":0,"3":0,"4":0,"5":0,"6":0,"7":0,"8":0,"9":0},"f":{"0":0,"1":0,"2":0},"b":{"0":[0,0],"1":[0,0],"2":[0,0]},"meta":{"lastBranch":3,"lastFunction":3,"lastStatement":10,"seen":{"s:4:25:55:Infinity":0,"f:4:25:4:26":0,"b:5:2:5:Infinity:undefined:undefined:undefined:undefined":0,"s:5:2:5:Infinity":1,"s:5:16:5:Infinity":2,"s:7:17:7:Infinity":3,"b:7:17:7:49:7:49:7:Infinity":1,"s:8:19:8:Infinity":4,"s:10:2:53:Infinity":5,"f:12:48:12:49":1,"s:12:55:12:Infinity":6,"f:33:23:33:29":2,"s:34:41:42:Infinity":7,"b:41:26:41:44:41:44:41:Infinity":2,"s:44:16:44:Infinity":8,"s:45:16:45:Infinity":9}}}
,"C:\\Users\\eloro\\Desktop\\La Fabrique Numérique\\Cours\\Examens\\cafthe-front\\src\\components\\SkeletonCard.jsx": {"path":"C:\\Users\\eloro\\Desktop\\La Fabrique Numérique\\Cours\\Examens\\cafthe-front\\src\\components\\SkeletonCard.jsx","statementMap":{"0":{"start":{"line":4,"column":21},"end":{"line":17,"column":null}},"1":{"start":{"line":5,"column":2},"end":{"line":15,"column":null}}},"fnMap":{"0":{"name":"(anonymous_0)","decl":{"start":{"line":4,"column":21},"end":{"line":4,"column":27}},"loc":{"start":{"line":4,"column":27},"end":{"line":17,"column":null}},"line":4}},"branchMap":{},"s":{"0":0,"1":0},"f":{"0":0},"b":{},"meta":{"lastBranch":0,"lastFunction":1,"lastStatement":2,"seen":{"s:4:21:17:Infinity":0,"f:4:21:4:27":0,"s:5:2:15:Infinity":1}}}
,"C:\\Users\\eloro\\Desktop\\La Fabrique Numérique\\Cours\\Examens\\cafthe-front\\src\\components\\SubscriptionBox.jsx": {"path":"C:\\Users\\eloro\\Desktop\\La Fabrique Numérique\\Cours\\Examens\\cafthe-front\\src\\components\\SubscriptionBox.jsx","statementMap":{"0":{"start":{"line":5,"column":24},"end":{"line":127,"column":null}},"1":{"start":{"line":6,"column":8},"end":{"line":6,"column":null}},"2":{"start":{"line":9,"column":22},"end":{"line":9,"column":null}},"3":{"start":{"line":12,"column":36},"end":{"line":17,"column":null}},"4":{"start":{"line":20,"column":19},"end":{"line":24,"column":null}},"5":{"start":{"line":27,"column":21},"end":{"line":27,"column":null}},"6":{"start":{"line":27,"column":27},"end":{"line":27,"column":null}},"7":{"start":{"line":28,"column":21},"end":{"line":28,"column":null}},"8":{"start":{"line":28,"column":27},"end":{"line":28,"column":null}},"9":{"start":{"line":31,"column":23},"end":{"line":36,"column":null}},"10":{"start":{"line":32,"column":20},"end":{"line":34,"column":null}},"11":{"start":{"line":33,"column":39},"end":{"line":33,"column":48}},"12":{"start":{"line":35,"column":4},"end":{"line":35,"column":null}},"13":{"start":{"line":39,"column":20},"end":{"line":55,"column":null}},"14":{"start":{"line":40,"column":29},"end":{"line":47,"column":null}},"15":{"start":{"line":50,"column":17},"end":{"line":50,"column":null}},"16":{"start":{"line":51,"column":4},"end":{"line":51,"column":null}},"17":{"start":{"line":53,"column":4},"end":{"line":53,"column":null}},"18":{"start":{"line":54,"column":4},"end":{"line":54,"column":null}},"19":{"start":{"line":57,"column":2},"end":{"line":125,"column":null}},"20":{"start":{"line":74,"column":16},"end":{"line":80,"column":null}},"21":{"start":{"line":76,"column":33},"end":{"line":76,"column":null}},"22":{"start":{"line":101,"column":31},"end":{"line":101,"column":null}},"23":{"start":{"line":114,"column":16},"end":{"line":119,"column":null}},"24":{"start":{"line":116,"column":33},"end":{"line":116,"column":null}}},"fnMap":{"0":{"name":"(anonymous_0)","decl":{"start":{"line":5,"column":24},"end":{"line":5,"column":30}},"loc":{"start":{"line":5,"column":30},"end":{"line":127,"column":null}},"line":5},"1":{"name":"(anonymous_1)","decl":{"start":{"line":27,"column":21},"end":{"line":27,"column":27}},"loc":{"start":{"line":27,"column":27},"end":{"line":27,"column":null}},"line":27},"2":{"name":"(anonymous_2)","decl":{"start":{"line":28,"column":21},"end":{"line":28,"column":27}},"loc":{"start":{"line":28,"column":27},"end":{"line":28,"column":null}},"line":28},"3":{"name":"(anonymous_3)","decl":{"start":{"line":31,"column":23},"end":{"line":31,"column":24}},"loc":{"start":{"line":31,"column":32},"end":{"line":36,"column":null}},"line":31},"4":{"name":"(anonymous_4)","decl":{"start":{"line":33,"column":32},"end":{"line":33,"column":33}},"loc":{"start":{"line":33,"column":39},"end":{"line":33,"column":48}},"line":33},"5":{"name":"(anonymous_5)","decl":{"start":{"line":39,"column":20},"end":{"line":39,"column":26}},"loc":{"start":{"line":39,"column":26},"end":{"line":55,"column":null}},"line":39},"6":{"name":"(anonymous_6)","decl":{"start":{"line":73,"column":50},"end":{"line":73,"column":51}},"loc":{"start":{"line":74,"column":16},"end":{"line":80,"column":null}},"line":74},"7":{"name":"(anonymous_7)","decl":{"start":{"line":76,"column":27},"end":{"line":76,"column":33}},"loc":{"start":{"line":76,"column":33},"end":{"line":76,"column":null}},"line":76},"8":{"name":"(anonymous_8)","decl":{"start":{"line":101,"column":24},"end":{"line":101,"column":25}},"loc":{"start":{"line":101,"column":31},"end":{"line":101,"column":null}},"line":101},"9":{"name":"(anonymous_9)","decl":{"start":{"line":113,"column":44},"end":{"line":113,"column":45}},"loc":{"start":{"line":114,"column":16},"end":{"line":119,"column":null}},"line":114},"10":{"name":"(anonymous_10)","decl":{"start":{"line":116,"column":27},"end":{"line":116,"column":33}},"loc":{"start":{"line":116,"column":33},"end":{"line":116,"column":null}},"line":116}},"branchMap":{"0":{"loc":{"start":{"line":32,"column":20},"end":{"line":34,"column":null}},"type":"cond-expr","locations":[{"start":{"line":33,"column":8},"end":{"line":33,"column":null}},{"start":{"line":34,"column":8},"end":{"line":34,"column":null}}],"line":32},"1":{"loc":{"start":{"line":50,"column":17},"end":{"line":50,"column":null}},"type":"binary-expr","locations":[{"start":{"line":50,"column":17},"end":{"line":50,"column":63}},{"start":{"line":50,"column":63},"end":{"line":50,"column":null}}],"line":50},"2":{"loc":{"start":{"line":69,"column":9},"end":{"line":90,"column":null}},"type":"binary-expr","locations":[{"start":{"line":69,"column":9},"end":{"line":69,"column":null}},{"start":{"line":70,"column":10},"end":{"line":90,"column":null}}],"line":69},"3":{"loc":{"start":{"line":77,"column":43},"end":{"line":77,"column":90}},"type":"cond-expr","locations":[{"start":{"line":77,"column":77},"end":{"line":77,"column":88}},{"start":{"line":77,"column":88},"end":{"line":77,"column":90}}],"line":77},"4":{"loc":{"start":{"line":94,"column":9},"end":{"line":104,"column":null}},"type":"binary-expr","locations":[{"start":{"line":94,"column":9},"end":{"line":94,"column":null}},{"start":{"line":95,"column":10},"end":{"line":104,"column":null}}],"line":94},"5":{"loc":{"start":{"line":109,"column":9},"end":{"line":122,"column":null}},"type":"binary-expr","locations":[{"start":{"line":109,"column":9},"end":{"line":109,"column":null}},{"start":{"line":110,"column":10},"end":{"line":122,"column":null}}],"line":109},"6":{"loc":{"start":{"line":117,"column":45},"end":{"line":117,"column":88}},"type":"cond-expr","locations":[{"start":{"line":117,"column":75},"end":{"line":117,"column":86}},{"start":{"line":117,"column":86},"end":{"line":117,"column":88}}],"line":117}},"s":{"0":0,"1":0,"2":0,"3":0,"4":0,"5":0,"6":0,"7":0,"8":0,"9":0,"10":0,"11":0,"12":0,"13":0,"14":0,"15":0,"16":0,"17":0,"18":0,"19":0,"20":0,"21":0,"22":0,"23":0,"24":0},"f":{"0":0,"1":0,"2":0,"3":0,"4":0,"5":0,"6":0,"7":0,"8":0,"9":0,"10":0},"b":{"0":[0,0],"1":[0,0],"2":[0,0],"3":[0,0],"4":[0,0],"5":[0,0],"6":[0,0]},"meta":{"lastBranch":7,"lastFunction":11,"lastStatement":25,"seen":{"s:5:24:127:Infinity":0,"f:5:24:5:30":0,"s:6:8:6:Infinity":1,"s:9:22:9:Infinity":2,"s:12:36:17:Infinity":3,"s:20:19:24:Infinity":4,"s:27:21:27:Infinity":5,"f:27:21:27:27":1,"s:27:27:27:Infinity":6,"s:28:21:28:Infinity":7,"f:28:21:28:27":2,"s:28:27:28:Infinity":8,"s:31:23:36:Infinity":9,"f:31:23:31:24":3,"s:32:20:34:Infinity":10,"b:33:8:33:Infinity:34:8:34:Infinity":0,"f:33:32:33:33":4,"s:33:39:33:48":11,"s:35:4:35:Infinity":12,"s:39:20:55:Infinity":13,"f:39:20:39:26":5,"s:40:29:47:Infinity":14,"s:50:17:50:Infinity":15,"b:50:17:50:63:50:63:50:Infinity":1,"s:51:4:51:Infinity":16,"s:53:4:53:Infinity":17,"s:54:4:54:Infinity":18,"s:57:2:125:Infinity":19,"b:69:9:69:Infinity:70:10:90:Infinity":2,"f:73:50:73:51":6,"s:74:16:80:Infinity":20,"f:76:27:76:33":7,"s:76:33:76:Infinity":21,"b:77:77:77:88:77:88:77:90":3,"b:94:9:94:Infinity:95:10:104:Infinity":4,"f:101:24:101:25":8,"s:101:31:101:Infinity":22,"b:109:9:109:Infinity:110:10:122:Infinity":5,"f:113:44:113:45":9,"s:114:16:119:Infinity":23,"f:116:27:116:33":10,"s:116:33:116:Infinity":24,"b:117:75:117:86:117:86:117:88":6}}}
,"C:\\Users\\eloro\\Desktop\\La Fabrique Numérique\\Cours\\Examens\\cafthe-front\\src\\pages\\Abonnement.jsx": {"path":"C:\\Users\\eloro\\Desktop\\La Fabrique Numérique\\Cours\\Examens\\cafthe-front\\src\\pages\\Abonnement.jsx","statementMap":{"0":{"start":{"line":6,"column":19},"end":{"line":213,"column":null}},"1":{"start":{"line":8,"column":8},"end":{"line":8,"column":null}},"2":{"start":{"line":11,"column":22},"end":{"line":11,"column":null}},"3":{"start":{"line":14,"column":17},"end":{"line":19,"column":null}},"4":{"start":{"line":22,"column":19},"end":{"line":25,"column":null}},"5":{"start":{"line":28,"column":36},"end":{"line":33,"column":null}},"6":{"start":{"line":36,"column":19},"end":{"line":36,"column":null}},"7":{"start":{"line":36,"column":25},"end":{"line":36,"column":null}},"8":{"start":{"line":37,"column":19},"end":{"line":37,"column":null}},"9":{"start":{"line":37,"column":25},"end":{"line":37,"column":null}},"10":{"start":{"line":40,"column":21},"end":{"line":47,"column":null}},"11":{"start":{"line":41,"column":4},"end":{"line":46,"column":null}},"12":{"start":{"line":41,"column":30},"end":{"line":46,"column":6}},"13":{"start":{"line":44,"column":34},"end":{"line":44,"column":43}},"14":{"start":{"line":50,"column":24},"end":{"line":81,"column":null}},"15":{"start":{"line":52,"column":14},"end":{"line":52,"column":null}},"16":{"start":{"line":53,"column":14},"end":{"line":53,"column":null}},"17":{"start":{"line":53,"column":35},"end":{"line":53,"column":65}},"18":{"start":{"line":54,"column":10},"end":{"line":54,"column":null}},"19":{"start":{"line":57,"column":20},"end":{"line":69,"column":null}},"20":{"start":{"line":72,"column":24},"end":{"line":72,"column":null}},"21":{"start":{"line":73,"column":4},"end":{"line":73,"column":null}},"22":{"start":{"line":76,"column":4},"end":{"line":76,"column":null}},"23":{"start":{"line":77,"column":4},"end":{"line":77,"column":null}},"24":{"start":{"line":80,"column":4},"end":{"line":80,"column":null}},"25":{"start":{"line":84,"column":26},"end":{"line":84,"column":null}},"26":{"start":{"line":85,"column":24},"end":{"line":85,"column":null}},"27":{"start":{"line":85,"column":43},"end":{"line":85,"column":71}},"28":{"start":{"line":87,"column":2},"end":{"line":211,"column":null}},"29":{"start":{"line":99,"column":16},"end":{"line":115,"column":null}},"30":{"start":{"line":103,"column":20},"end":{"line":103,"column":null}},"31":{"start":{"line":130,"column":16},"end":{"line":140,"column":null}},"32":{"start":{"line":134,"column":20},"end":{"line":134,"column":null}},"33":{"start":{"line":160,"column":16},"end":{"line":166,"column":null}},"34":{"start":{"line":163,"column":33},"end":{"line":163,"column":null}},"35":{"start":{"line":190,"column":16},"end":{"line":190,"column":null}}},"fnMap":{"0":{"name":"(anonymous_0)","decl":{"start":{"line":6,"column":19},"end":{"line":6,"column":25}},"loc":{"start":{"line":6,"column":25},"end":{"line":213,"column":null}},"line":6},"1":{"name":"(anonymous_1)","decl":{"start":{"line":36,"column":19},"end":{"line":36,"column":25}},"loc":{"start":{"line":36,"column":25},"end":{"line":36,"column":null}},"line":36},"2":{"name":"(anonymous_2)","decl":{"start":{"line":37,"column":19},"end":{"line":37,"column":25}},"loc":{"start":{"line":37,"column":25},"end":{"line":37,"column":null}},"line":37},"3":{"name":"(anonymous_3)","decl":{"start":{"line":40,"column":21},"end":{"line":40,"column":22}},"loc":{"start":{"line":40,"column":30},"end":{"line":47,"column":null}},"line":40},"4":{"name":"(anonymous_4)","decl":{"start":{"line":41,"column":19},"end":{"line":41,"column":20}},"loc":{"start":{"line":41,"column":30},"end":{"line":46,"column":6}},"line":41},"5":{"name":"(anonymous_5)","decl":{"start":{"line":44,"column":27},"end":{"line":44,"column":28}},"loc":{"start":{"line":44,"column":34},"end":{"line":44,"column":43}},"line":44},"6":{"name":"(anonymous_6)","decl":{"start":{"line":50,"column":24},"end":{"line":50,"column":30}},"loc":{"start":{"line":50,"column":30},"end":{"line":81,"column":null}},"line":50},"7":{"name":"(anonymous_7)","decl":{"start":{"line":53,"column":26},"end":{"line":53,"column":27}},"loc":{"start":{"line":53,"column":35},"end":{"line":53,"column":65}},"line":53},"8":{"name":"(anonymous_8)","decl":{"start":{"line":85,"column":36},"end":{"line":85,"column":37}},"loc":{"start":{"line":85,"column":43},"end":{"line":85,"column":71}},"line":85},"9":{"name":"(anonymous_9)","decl":{"start":{"line":98,"column":44},"end":{"line":98,"column":45}},"loc":{"start":{"line":99,"column":16},"end":{"line":115,"column":null}},"line":99},"10":{"name":"(anonymous_10)","decl":{"start":{"line":102,"column":27},"end":{"line":102,"column":null}},"loc":{"start":{"line":103,"column":20},"end":{"line":103,"column":null}},"line":103},"11":{"name":"(anonymous_11)","decl":{"start":{"line":129,"column":26},"end":{"line":129,"column":27}},"loc":{"start":{"line":130,"column":16},"end":{"line":140,"column":null}},"line":130},"12":{"name":"(anonymous_12)","decl":{"start":{"line":133,"column":27},"end":{"line":133,"column":null}},"loc":{"start":{"line":134,"column":20},"end":{"line":134,"column":null}},"line":134},"13":{"name":"(anonymous_13)","decl":{"start":{"line":159,"column":44},"end":{"line":159,"column":45}},"loc":{"start":{"line":160,"column":16},"end":{"line":166,"column":null}},"line":160},"14":{"name":"(anonymous_14)","decl":{"start":{"line":163,"column":27},"end":{"line":163,"column":33}},"loc":{"start":{"line":163,"column":33},"end":{"line":163,"column":null}},"line":163},"15":{"name":"(anonymous_15)","decl":{"start":{"line":189,"column":24},"end":{"line":189,"column":25}},"loc":{"start":{"line":190,"column":16},"end":{"line":190,"column":null}},"line":190}},"branchMap":{"0":{"loc":{"start":{"line":43,"column":12},"end":{"line":45,"column":null}},"type":"cond-expr","locations":[{"start":{"line":44,"column":10},"end":{"line":44,"column":null}},{"start":{"line":45,"column":10},"end":{"line":45,"column":null}}],"line":43},"1":{"loc":{"start":{"line":72,"column":24},"end":{"line":72,"column":null}},"type":"binary-expr","locations":[{"start":{"line":72,"column":24},"end":{"line":72,"column":70}},{"start":{"line":72,"column":70},"end":{"line":72,"column":null}}],"line":72},"2":{"loc":{"start":{"line":94,"column":9},"end":{"line":121,"column":null}},"type":"binary-expr","locations":[{"start":{"line":94,"column":9},"end":{"line":94,"column":null}},{"start":{"line":95,"column":10},"end":{"line":121,"column":null}}],"line":94},"3":{"loc":{"start":{"line":101,"column":44},"end":{"line":101,"column":90}},"type":"cond-expr","locations":[{"start":{"line":101,"column":77},"end":{"line":101,"column":88}},{"start":{"line":101,"column":88},"end":{"line":101,"column":90}}],"line":101},"4":{"loc":{"start":{"line":125,"column":9},"end":{"line":151,"column":null}},"type":"binary-expr","locations":[{"start":{"line":125,"column":9},"end":{"line":125,"column":null}},{"start":{"line":126,"column":10},"end":{"line":151,"column":null}}],"line":125},"5":{"loc":{"start":{"line":132,"column":44},"end":{"line":132,"column":88}},"type":"cond-expr","locations":[{"start":{"line":132,"column":75},"end":{"line":132,"column":86}},{"start":{"line":132,"column":86},"end":{"line":132,"column":88}}],"line":132},"6":{"loc":{"start":{"line":139,"column":19},"end":{"line":139,"column":null}},"type":"binary-expr","locations":[{"start":{"line":139,"column":19},"end":{"line":139,"column":34}},{"start":{"line":139,"column":34},"end":{"line":139,"column":null}}],"line":139},"7":{"loc":{"start":{"line":155,"column":9},"end":{"line":177,"column":null}},"type":"binary-expr","locations":[{"start":{"line":155,"column":9},"end":{"line":155,"column":null}},{"start":{"line":156,"column":10},"end":{"line":177,"column":null}}],"line":155},"8":{"loc":{"start":{"line":162,"column":44},"end":{"line":162,"column":88}},"type":"cond-expr","locations":[{"start":{"line":162,"column":75},"end":{"line":162,"column":86}},{"start":{"line":162,"column":86},"end":{"line":162,"column":88}}],"line":162},"9":{"loc":{"start":{"line":181,"column":9},"end":{"line":208,"column":null}},"type":"binary-expr","locations":[{"start":{"line":181,"column":9},"end":{"line":181,"column":null}},{"start":{"line":182,"column":10},"end":{"line":208,"column":null}}],"line":181}},"s":{"0":0,"1":0,"2":0,"3":0,"4":0,"5":0,"6":0,"7":0,"8":0,"9":0,"10":0,"11":0,"12":0,"13":0,"14":0,"15":0,"16":0,"17":0,"18":0,"19":0,"20":0,"21":0,"22":0,"23":0,"24":0,"25":0,"26":0,"27":0,"28":0,"29":0,"30":0,"31":0,"32":0,"33":0,"34":0,"35":0},"f":{"0":0,"1":0,"2":0,"3":0,"4":0,"5":0,"6":0,"7":0,"8":0,"9":0,"10":0,"11":0,"12":0,"13":0,"14":0,"15":0},"b":{"0":[0,0],"1":[0,0],"2":[0,0],"3":[0,0],"4":[0,0],"5":[0,0],"6":[0,0],"7":[0,0],"8":[0,0],"9":[0,0]},"meta":{"lastBranch":10,"lastFunction":16,"lastStatement":36,"seen":{"s:6:19:213:Infinity":0,"f:6:19:6:25":0,"s:8:8:8:Infinity":1,"s:11:22:11:Infinity":2,"s:14:17:19:Infinity":3,"s:22:19:25:Infinity":4,"s:28:36:33:Infinity":5,"s:36:19:36:Infinity":6,"f:36:19:36:25":1,"s:36:25:36:Infinity":7,"s:37:19:37:Infinity":8,"f:37:19:37:25":2,"s:37:25:37:Infinity":9,"s:40:21:47:Infinity":10,"f:40:21:40:22":3,"s:41:4:46:Infinity":11,"f:41:19:41:20":4,"s:41:30:46:6":12,"b:44:10:44:Infinity:45:10:45:Infinity":0,"f:44:27:44:28":5,"s:44:34:44:43":13,"s:50:24:81:Infinity":14,"f:50:24:50:30":6,"s:52:14:52:Infinity":15,"s:53:14:53:Infinity":16,"f:53:26:53:27":7,"s:53:35:53:65":17,"s:54:10:54:Infinity":18,"s:57:20:69:Infinity":19,"s:72:24:72:Infinity":20,"b:72:24:72:70:72:70:72:Infinity":1,"s:73:4:73:Infinity":21,"s:76:4:76:Infinity":22,"s:77:4:77:Infinity":23,"s:80:4:80:Infinity":24,"s:84:26:84:Infinity":25,"s:85:24:85:Infinity":26,"f:85:36:85:37":8,"s:85:43:85:71":27,"s:87:2:211:Infinity":28,"b:94:9:94:Infinity:95:10:121:Infinity":2,"f:98:44:98:45":9,"s:99:16:115:Infinity":29,"b:101:77:101:88:101:88:101:90":3,"f:102:27:102:Infinity":10,"s:103:20:103:Infinity":30,"b:125:9:125:Infinity:126:10:151:Infinity":4,"f:129:26:129:27":11,"s:130:16:140:Infinity":31,"b:132:75:132:86:132:86:132:88":5,"f:133:27:133:Infinity":12,"s:134:20:134:Infinity":32,"b:139:19:139:34:139:34:139:Infinity":6,"b:155:9:155:Infinity:156:10:177:Infinity":7,"f:159:44:159:45":13,"s:160:16:166:Infinity":33,"b:162:75:162:86:162:86:162:88":8,"f:163:27:163:33":14,"s:163:33:163:Infinity":34,"b:181:9:181:Infinity:182:10:208:Infinity":9,"f:189:24:189:25":15,"s:190:16:190:Infinity":35}}}
,"C:\\Users\\eloro\\Desktop\\La Fabrique Numérique\\Cours\\Examens\\cafthe-front\\src\\pages\\AideContact.jsx": {"path":"C:\\Users\\eloro\\Desktop\\La Fabrique Numérique\\Cours\\Examens\\cafthe-front\\src\\pages\\AideContact.jsx","statementMap":{"0":{"start":{"line":5,"column":20},"end":{"line":232,"column":null}},"1":{"start":{"line":7,"column":36},"end":{"line":7,"column":null}},"2":{"start":{"line":10,"column":23},"end":{"line":29,"column":null}},"3":{"start":{"line":11,"column":4},"end":{"line":11,"column":null}},"4":{"start":{"line":12,"column":17},"end":{"line":12,"column":null}},"5":{"start":{"line":13,"column":17},"end":{"line":13,"column":null}},"6":{"start":{"line":15,"column":4},"end":{"line":28,"column":null}},"7":{"start":{"line":16,"column":23},"end":{"line":20,"column":null}},"8":{"start":{"line":22,"column":6},"end":{"line":25,"column":null}},"9":{"start":{"line":23,"column":8},"end":{"line":23,"column":null}},"10":{"start":{"line":24,"column":8},"end":{"line":24,"column":null}},"11":{"start":{"line":27,"column":6},"end":{"line":27,"column":null}},"12":{"start":{"line":31,"column":2},"end":{"line":230,"column":null}},"13":{"start":{"line":107,"column":35},"end":{"line":107,"column":58}}},"fnMap":{"0":{"name":"(anonymous_0)","decl":{"start":{"line":5,"column":20},"end":{"line":5,"column":26}},"loc":{"start":{"line":5,"column":26},"end":{"line":232,"column":null}},"line":5},"1":{"name":"(anonymous_1)","decl":{"start":{"line":10,"column":23},"end":{"line":10,"column":30}},"loc":{"start":{"line":10,"column":36},"end":{"line":29,"column":null}},"line":10},"2":{"name":"(anonymous_2)","decl":{"start":{"line":107,"column":29},"end":{"line":107,"column":35}},"loc":{"start":{"line":107,"column":35},"end":{"line":107,"column":58}},"line":107}},"branchMap":{"0":{"loc":{"start":{"line":22,"column":6},"end":{"line":25,"column":null}},"type":"if","locations":[{"start":{"line":22,"column":6},"end":{"line":25,"column":null}},{"start":{},"end":{}}],"line":22},"1":{"loc":{"start":{"line":104,"column":9},"end":{"line":186,"column":null}},"type":"cond-expr","locations":[{"start":{"line":105,"column":10},"end":{"line":110,"column":null}},{"start":{"line":112,"column":10},"end":{"line":186,"column":null}}],"line":104}},"s":{"0":1,"1":3,"2":3,"3":1,"4":1,"5":1,"6":1,"7":1,"8":1,"9":1,"10":1,"11":0,"12":3,"13":0},"f":{"0":3,"1":1,"2":0},"b":{"0":[1,0],"1":[1,2]},"meta":{"lastBranch":2,"lastFunction":3,"lastStatement":14,"seen":{"s:5:20:232:Infinity":0,"f:5:20:5:26":0,"s:7:36:7:Infinity":1,"s:10:23:29:Infinity":2,"f:10:23:10:30":1,"s:11:4:11:Infinity":3,"s:12:17:12:Infinity":4,"s:13:17:13:Infinity":5,"s:15:4:28:Infinity":6,"s:16:23:20:Infinity":7,"b:22:6:25:Infinity:undefined:undefined:undefined:undefined":0,"s:22:6:25:Infinity":8,"s:23:8:23:Infinity":9,"s:24:8:24:Infinity":10,"s:27:6:27:Infinity":11,"s:31:2:230:Infinity":12,"b:105:10:110:Infinity:112:10:186:Infinity":1,"f:107:29:107:35":2,"s:107:35:107:58":13}}}
,"C:\\Users\\eloro\\Desktop\\La Fabrique Numérique\\Cours\\Examens\\cafthe-front\\src\\pages\\Boutique.jsx": {"path":"C:\\Users\\eloro\\Desktop\\La Fabrique Numérique\\Cours\\Examens\\cafthe-front\\src\\pages\\Boutique.jsx","statementMap":{"0":{"start":{"line":9,"column":17},"end":{"line":196,"column":null}},"1":{"start":{"line":11,"column":30},"end":{"line":11,"column":null}},"2":{"start":{"line":12,"column":28},"end":{"line":12,"column":null}},"3":{"start":{"line":13,"column":34},"end":{"line":13,"column":null}},"4":{"start":{"line":14,"column":32},"end":{"line":14,"column":null}},"5":{"start":{"line":15,"column":38},"end":{"line":15,"column":null}},"6":{"start":{"line":16,"column":44},"end":{"line":16,"column":null}},"7":{"start":{"line":19,"column":17},"end":{"line":19,"column":null}},"8":{"start":{"line":22,"column":21},"end":{"line":27,"column":null}},"9":{"start":{"line":30,"column":2},"end":{"line":48,"column":null}},"10":{"start":{"line":31,"column":26},"end":{"line":46,"column":null}},"11":{"start":{"line":32,"column":6},"end":{"line":45,"column":null}},"12":{"start":{"line":34,"column":25},"end":{"line":34,"column":null}},"13":{"start":{"line":35,"column":21},"end":{"line":35,"column":null}},"14":{"start":{"line":37,"column":8},"end":{"line":39,"column":null}},"15":{"start":{"line":38,"column":10},"end":{"line":38,"column":null}},"16":{"start":{"line":41,"column":8},"end":{"line":41,"column":null}},"17":{"start":{"line":44,"column":8},"end":{"line":44,"column":null}},"18":{"start":{"line":47,"column":4},"end":{"line":47,"column":null}},"19":{"start":{"line":51,"column":25},"end":{"line":53,"column":null}},"20":{"start":{"line":52,"column":4},"end":{"line":52,"column":null}},"21":{"start":{"line":56,"column":26},"end":{"line":76,"column":null}},"22":{"start":{"line":57,"column":24},"end":{"line":57,"column":null}},"23":{"start":{"line":59,"column":23},"end":{"line":67,"column":null}},"24":{"start":{"line":70,"column":24},"end":{"line":70,"column":null}},"25":{"start":{"line":71,"column":4},"end":{"line":71,"column":null}},"26":{"start":{"line":74,"column":4},"end":{"line":74,"column":null}},"27":{"start":{"line":75,"column":4},"end":{"line":75,"column":null}},"28":{"start":{"line":78,"column":2},"end":{"line":194,"column":null}},"29":{"start":{"line":102,"column":29},"end":{"line":102,"column":null}},"30":{"start":{"line":111,"column":29},"end":{"line":111,"column":null}},"31":{"start":{"line":124,"column":34},"end":{"line":139,"column":null}},"32":{"start":{"line":126,"column":36},"end":{"line":126,"column":null}},"33":{"start":{"line":127,"column":34},"end":{"line":129,"column":null}},"34":{"start":{"line":130,"column":14},"end":{"line":130,"column":null}},"35":{"start":{"line":134,"column":28},"end":{"line":134,"column":null}},"36":{"start":{"line":135,"column":28},"end":{"line":135,"column":null}},"37":{"start":{"line":136,"column":14},"end":{"line":136,"column":null}},"38":{"start":{"line":136,"column":39},"end":{"line":136,"column":null}},"39":{"start":{"line":137,"column":14},"end":{"line":137,"column":null}},"40":{"start":{"line":137,"column":40},"end":{"line":137,"column":null}},"41":{"start":{"line":138,"column":14},"end":{"line":138,"column":null}},"42":{"start":{"line":142,"column":27},"end":{"line":142,"column":null}},"43":{"start":{"line":144,"column":10},"end":{"line":181,"column":null}},"44":{"start":{"line":148,"column":31},"end":{"line":148,"column":null}},"45":{"start":{"line":166,"column":41},"end":{"line":166,"column":65}},"46":{"start":{"line":170,"column":22},"end":{"line":174,"column":null}},"47":{"start":{"line":173,"column":43},"end":{"line":173,"column":null}},"48":{"start":{"line":190,"column":25},"end":{"line":190,"column":null}}},"fnMap":{"0":{"name":"(anonymous_0)","decl":{"start":{"line":9,"column":17},"end":{"line":9,"column":23}},"loc":{"start":{"line":9,"column":23},"end":{"line":196,"column":null}},"line":9},"1":{"name":"(anonymous_1)","decl":{"start":{"line":30,"column":12},"end":{"line":30,"column":18}},"loc":{"start":{"line":30,"column":18},"end":{"line":48,"column":5}},"line":30},"2":{"name":"(anonymous_2)","decl":{"start":{"line":31,"column":26},"end":{"line":31,"column":38}},"loc":{"start":{"line":31,"column":38},"end":{"line":46,"column":null}},"line":31},"3":{"name":"(anonymous_3)","decl":{"start":{"line":51,"column":25},"end":{"line":51,"column":26}},"loc":{"start":{"line":51,"column":33},"end":{"line":53,"column":null}},"line":51},"4":{"name":"(anonymous_4)","decl":{"start":{"line":56,"column":26},"end":{"line":56,"column":27}},"loc":{"start":{"line":56,"column":39},"end":{"line":76,"column":null}},"line":56},"5":{"name":"(anonymous_5)","decl":{"start":{"line":102,"column":22},"end":{"line":102,"column":23}},"loc":{"start":{"line":102,"column":29},"end":{"line":102,"column":null}},"line":102},"6":{"name":"(anonymous_6)","decl":{"start":{"line":111,"column":22},"end":{"line":111,"column":23}},"loc":{"start":{"line":111,"column":29},"end":{"line":111,"column":null}},"line":111},"7":{"name":"(anonymous_7)","decl":{"start":{"line":122,"column":24},"end":{"line":122,"column":25}},"loc":{"start":{"line":122,"column":33},"end":{"line":183,"column":9}},"line":122},"8":{"name":"(anonymous_8)","decl":{"start":{"line":125,"column":20},"end":{"line":125,"column":21}},"loc":{"start":{"line":125,"column":27},"end":{"line":131,"column":13}},"line":125},"9":{"name":"(anonymous_9)","decl":{"start":{"line":133,"column":18},"end":{"line":133,"column":19}},"loc":{"start":{"line":133,"column":28},"end":{"line":139,"column":13}},"line":133},"10":{"name":"(anonymous_10)","decl":{"start":{"line":148,"column":25},"end":{"line":148,"column":31}},"loc":{"start":{"line":148,"column":31},"end":{"line":148,"column":null}},"line":148},"11":{"name":"(anonymous_11)","decl":{"start":{"line":166,"column":34},"end":{"line":166,"column":35}},"loc":{"start":{"line":166,"column":41},"end":{"line":166,"column":65}},"line":166},"12":{"name":"(anonymous_12)","decl":{"start":{"line":169,"column":40},"end":{"line":169,"column":41}},"loc":{"start":{"line":170,"column":22},"end":{"line":174,"column":null}},"line":170},"13":{"name":"(anonymous_13)","decl":{"start":{"line":173,"column":37},"end":{"line":173,"column":43}},"loc":{"start":{"line":173,"column":43},"end":{"line":173,"column":null}},"line":173},"14":{"name":"(anonymous_14)","decl":{"start":{"line":190,"column":19},"end":{"line":190,"column":25}},"loc":{"start":{"line":190,"column":25},"end":{"line":190,"column":null}},"line":190}},"branchMap":{"0":{"loc":{"start":{"line":19,"column":17},"end":{"line":19,"column":null}},"type":"binary-expr","locations":[{"start":{"line":19,"column":17},"end":{"line":19,"column":49}},{"start":{"line":19,"column":49},"end":{"line":19,"column":null}}],"line":19},"1":{"loc":{"start":{"line":37,"column":8},"end":{"line":39,"column":null}},"type":"if","locations":[{"start":{"line":37,"column":8},"end":{"line":39,"column":null}},{"start":{},"end":{}}],"line":37},"2":{"loc":{"start":{"line":37,"column":12},"end":{"line":37,"column":50}},"type":"binary-expr","locations":[{"start":{"line":37,"column":12},"end":{"line":37,"column":20}},{"start":{"line":37,"column":20},"end":{"line":37,"column":50}}],"line":37},"3":{"loc":{"start":{"line":52,"column":20},"end":{"line":52,"column":51}},"type":"cond-expr","locations":[{"start":{"line":52,"column":42},"end":{"line":52,"column":49}},{"start":{"line":52,"column":49},"end":{"line":52,"column":51}}],"line":52},"4":{"loc":{"start":{"line":57,"column":24},"end":{"line":57,"column":null}},"type":"binary-expr","locations":[{"start":{"line":57,"column":24},"end":{"line":57,"column":70}},{"start":{"line":57,"column":70},"end":{"line":57,"column":null}}],"line":57},"5":{"loc":{"start":{"line":61,"column":10},"end":{"line":61,"column":null}},"type":"binary-expr","locations":[{"start":{"line":61,"column":10},"end":{"line":61,"column":36}},{"start":{"line":61,"column":36},"end":{"line":61,"column":null}}],"line":61},"6":{"loc":{"start":{"line":64,"column":14},"end":{"line":64,"column":null}},"type":"binary-expr","locations":[{"start":{"line":64,"column":14},"end":{"line":64,"column":32}},{"start":{"line":64,"column":32},"end":{"line":64,"column":null}}],"line":64},"7":{"loc":{"start":{"line":65,"column":16},"end":{"line":65,"column":null}},"type":"binary-expr","locations":[{"start":{"line":65,"column":16},"end":{"line":65,"column":36}},{"start":{"line":65,"column":36},"end":{"line":65,"column":null}}],"line":65},"8":{"loc":{"start":{"line":66,"column":13},"end":{"line":66,"column":null}},"type":"binary-expr","locations":[{"start":{"line":66,"column":13},"end":{"line":66,"column":38}},{"start":{"line":66,"column":38},"end":{"line":66,"column":null}}],"line":66},"9":{"loc":{"start":{"line":130,"column":21},"end":{"line":130,"column":null}},"type":"binary-expr","locations":[{"start":{"line":130,"column":21},"end":{"line":130,"column":38}},{"start":{"line":130,"column":38},"end":{"line":130,"column":null}}],"line":130},"10":{"loc":{"start":{"line":136,"column":14},"end":{"line":136,"column":null}},"type":"if","locations":[{"start":{"line":136,"column":14},"end":{"line":136,"column":null}},{"start":{},"end":{}}],"line":136},"11":{"loc":{"start":{"line":137,"column":14},"end":{"line":137,"column":null}},"type":"if","locations":[{"start":{"line":137,"column":14},"end":{"line":137,"column":null}},{"start":{},"end":{}}],"line":137},"12":{"loc":{"start":{"line":142,"column":27},"end":{"line":142,"column":null}},"type":"binary-expr","locations":[{"start":{"line":142,"column":27},"end":{"line":142,"column":52}},{"start":{"line":142,"column":52},"end":{"line":142,"column":null}}],"line":142},"13":{"loc":{"start":{"line":147,"column":47},"end":{"line":147,"column":71}},"type":"cond-expr","locations":[{"start":{"line":147,"column":58},"end":{"line":147,"column":69}},{"start":{"line":147,"column":69},"end":{"line":147,"column":71}}],"line":147},"14":{"loc":{"start":{"line":154,"column":31},"end":{"line":154,"column":null}},"type":"cond-expr","locations":[{"start":{"line":154,"column":42},"end":{"line":154,"column":61}},{"start":{"line":154,"column":61},"end":{"line":154,"column":null}}],"line":154},"15":{"loc":{"start":{"line":162,"column":15},"end":{"line":179,"column":null}},"type":"binary-expr","locations":[{"start":{"line":162,"column":15},"end":{"line":162,"column":null}},{"start":{"line":163,"column":16},"end":{"line":179,"column":null}}],"line":162},"16":{"loc":{"start":{"line":165,"column":19},"end":{"line":177,"column":null}},"type":"cond-expr","locations":[{"start":{"line":166,"column":20},"end":{"line":166,"column":null}},{"start":{"line":167,"column":22},"end":{"line":177,"column":null}}],"line":165},"17":{"loc":{"start":{"line":167,"column":22},"end":{"line":177,"column":null}},"type":"cond-expr","locations":[{"start":{"line":169,"column":20},"end":{"line":175,"column":null}},{"start":{"line":177,"column":20},"end":{"line":177,"column":null}}],"line":167},"18":{"loc":{"start":{"line":171,"column":29},"end":{"line":171,"column":null}},"type":"binary-expr","locations":[{"start":{"line":171,"column":29},"end":{"line":171,"column":49}},{"start":{"line":171,"column":49},"end":{"line":171,"column":null}}],"line":171},"19":{"loc":{"start":{"line":187,"column":7},"end":{"line":192,"column":null}},"type":"binary-expr","locations":[{"start":{"line":187,"column":7},"end":{"line":187,"column":null}},{"start":{"line":188,"column":8},"end":{"line":192,"column":null}}],"line":187}},"s":{"0":0,"1":0,"2":0,"3":0,"4":0,"5":0,"6":0,"7":0,"8":0,"9":0,"10":0,"11":0,"12":0,"13":0,"14":0,"15":0,"16":0,"17":0,"18":0,"19":0,"20":0,"21":0,"22":0,"23":0,"24":0,"25":0,"26":0,"27":0,"28":0,"29":0,"30":0,"31":0,"32":0,"33":0,"34":0,"35":0,"36":0,"37":0,"38":0,"39":0,"40":0,"41":0,"42":0,"43":0,"44":0,"45":0,"46":0,"47":0,"48":0},"f":{"0":0,"1":0,"2":0,"3":0,"4":0,"5":0,"6":0,"7":0,"8":0,"9":0,"10":0,"11":0,"12":0,"13":0,"14":0},"b":{"0":[0,0],"1":[0,0],"2":[0,0],"3":[0,0],"4":[0,0],"5":[0,0],"6":[0,0],"7":[0,0],"8":[0,0],"9":[0,0],"10":[0,0],"11":[0,0],"12":[0,0],"13":[0,0],"14":[0,0],"15":[0,0],"16":[0,0],"17":[0,0],"18":[0,0],"19":[0,0]},"meta":{"lastBranch":20,"lastFunction":15,"lastStatement":49,"seen":{"s:9:17:196:Infinity":0,"f:9:17:9:23":0,"s:11:30:11:Infinity":1,"s:12:28:12:Infinity":2,"s:13:34:13:Infinity":3,"s:14:32:14:Infinity":4,"s:15:38:15:Infinity":5,"s:16:44:16:Infinity":6,"s:19:17:19:Infinity":7,"b:19:17:19:49:19:49:19:Infinity":0,"s:22:21:27:Infinity":8,"s:30:2:48:Infinity":9,"f:30:12:30:18":1,"s:31:26:46:Infinity":10,"f:31:26:31:38":2,"s:32:6:45:Infinity":11,"s:34:25:34:Infinity":12,"s:35:21:35:Infinity":13,"b:37:8:39:Infinity:undefined:undefined:undefined:undefined":1,"s:37:8:39:Infinity":14,"b:37:12:37:20:37:20:37:50":2,"s:38:10:38:Infinity":15,"s:41:8:41:Infinity":16,"s:44:8:44:Infinity":17,"s:47:4:47:Infinity":18,"s:51:25:53:Infinity":19,"f:51:25:51:26":3,"s:52:4:52:Infinity":20,"b:52:42:52:49:52:49:52:51":3,"s:56:26:76:Infinity":21,"f:56:26:56:27":4,"s:57:24:57:Infinity":22,"b:57:24:57:70:57:70:57:Infinity":4,"s:59:23:67:Infinity":23,"b:61:10:61:36:61:36:61:Infinity":5,"b:64:14:64:32:64:32:64:Infinity":6,"b:65:16:65:36:65:36:65:Infinity":7,"b:66:13:66:38:66:38:66:Infinity":8,"s:70:24:70:Infinity":24,"s:71:4:71:Infinity":25,"s:74:4:74:Infinity":26,"s:75:4:75:Infinity":27,"s:78:2:194:Infinity":28,"f:102:22:102:23":5,"s:102:29:102:Infinity":29,"f:111:22:111:23":6,"s:111:29:111:Infinity":30,"f:122:24:122:25":7,"s:124:34:139:Infinity":31,"f:125:20:125:21":8,"s:126:36:126:Infinity":32,"s:127:34:129:Infinity":33,"s:130:14:130:Infinity":34,"b:130:21:130:38:130:38:130:Infinity":9,"f:133:18:133:19":9,"s:134:28:134:Infinity":35,"s:135:28:135:Infinity":36,"b:136:14:136:Infinity:undefined:undefined:undefined:undefined":10,"s:136:14:136:Infinity":37,"s:136:39:136:Infinity":38,"b:137:14:137:Infinity:undefined:undefined:undefined:undefined":11,"s:137:14:137:Infinity":39,"s:137:40:137:Infinity":40,"s:138:14:138:Infinity":41,"s:142:27:142:Infinity":42,"b:142:27:142:52:142:52:142:Infinity":12,"s:144:10:181:Infinity":43,"b:147:58:147:69:147:69:147:71":13,"f:148:25:148:31":10,"s:148:31:148:Infinity":44,"b:154:42:154:61:154:61:154:Infinity":14,"b:162:15:162:Infinity:163:16:179:Infinity":15,"b:166:20:166:Infinity:167:22:177:Infinity":16,"f:166:34:166:35":11,"s:166:41:166:65":45,"b:169:20:175:Infinity:177:20:177:Infinity":17,"f:169:40:169:41":12,"s:170:22:174:Infinity":46,"f:173:37:173:43":13,"s:173:43:173:Infinity":47,"b:171:29:171:49:171:49:171:Infinity":18,"b:187:7:187:Infinity:188:8:192:Infinity":19,"f:190:19:190:25":14,"s:190:25:190:Infinity":48}}}
,"C:\\Users\\eloro\\Desktop\\La Fabrique Numérique\\Cours\\Examens\\cafthe-front\\src\\pages\\CGV.jsx": {"path":"C:\\Users\\eloro\\Desktop\\La Fabrique Numérique\\Cours\\Examens\\cafthe-front\\src\\pages\\CGV.jsx","statementMap":{"0":{"start":{"line":5,"column":12},"end":{"line":68,"column":null}},"1":{"start":{"line":6,"column":2},"end":{"line":66,"column":null}}},"fnMap":{"0":{"name":"(anonymous_0)","decl":{"start":{"line":5,"column":12},"end":{"line":5,"column":18}},"loc":{"start":{"line":5,"column":18},"end":{"line":68,"column":null}},"line":5}},"branchMap":{},"s":{"0":0,"1":0},"f":{"0":0},"b":{},"meta":{"lastBranch":0,"lastFunction":1,"lastStatement":2,"seen":{"s:5:12:68:Infinity":0,"f:5:12:5:18":0,"s:6:2:66:Infinity":1}}}
,"C:\\Users\\eloro\\Desktop\\La Fabrique Numérique\\Cours\\Examens\\cafthe-front\\src\\pages\\ChoixRelais.jsx": {"path":"C:\\Users\\eloro\\Desktop\\La Fabrique Numérique\\Cours\\Examens\\cafthe-front\\src\\pages\\ChoixRelais.jsx","statementMap":{"0":{"start":{"line":5,"column":20},"end":{"line":78,"column":null}},"1":{"start":{"line":6,"column":8},"end":{"line":6,"column":null}},"2":{"start":{"line":7,"column":42},"end":{"line":7,"column":null}},"3":{"start":{"line":9,"column":2},"end":{"line":37,"column":null}},"4":{"start":{"line":12,"column":24},"end":{"line":33,"column":null}},"5":{"start":{"line":13,"column":6},"end":{"line":32,"column":null}},"6":{"start":{"line":16,"column":8},"end":{"line":28,"column":null}},"7":{"start":{"line":26,"column":12},"end":{"line":26,"column":null}},"8":{"start":{"line":31,"column":8},"end":{"line":31,"column":null}},"9":{"start":{"line":36,"column":4},"end":{"line":36,"column":null}},"10":{"start":{"line":36,"column":17},"end":{"line":36,"column":null}},"11":{"start":{"line":39,"column":24},"end":{"line":44,"column":null}},"12":{"start":{"line":40,"column":4},"end":{"line":43,"column":null}},"13":{"start":{"line":41,"column":6},"end":{"line":41,"column":null}},"14":{"start":{"line":42,"column":6},"end":{"line":42,"column":null}},"15":{"start":{"line":46,"column":2},"end":{"line":76,"column":null}}},"fnMap":{"0":{"name":"(anonymous_0)","decl":{"start":{"line":5,"column":20},"end":{"line":5,"column":26}},"loc":{"start":{"line":5,"column":26},"end":{"line":78,"column":null}},"line":5},"1":{"name":"(anonymous_1)","decl":{"start":{"line":9,"column":12},"end":{"line":9,"column":18}},"loc":{"start":{"line":9,"column":18},"end":{"line":37,"column":5}},"line":9},"2":{"name":"(anonymous_2)","decl":{"start":{"line":12,"column":36},"end":{"line":12,"column":42}},"loc":{"start":{"line":12,"column":42},"end":{"line":33,"column":7}},"line":12},"3":{"name":"(anonymous_3)","decl":{"start":{"line":25,"column":32},"end":{"line":25,"column":33}},"loc":{"start":{"line":25,"column":42},"end":{"line":27,"column":null}},"line":25},"4":{"name":"(anonymous_4)","decl":{"start":{"line":36,"column":11},"end":{"line":36,"column":17}},"loc":{"start":{"line":36,"column":17},"end":{"line":36,"column":null}},"line":36},"5":{"name":"(anonymous_5)","decl":{"start":{"line":39,"column":24},"end":{"line":39,"column":30}},"loc":{"start":{"line":39,"column":30},"end":{"line":44,"column":null}},"line":39}},"branchMap":{"0":{"loc":{"start":{"line":13,"column":6},"end":{"line":32,"column":null}},"type":"if","locations":[{"start":{"line":13,"column":6},"end":{"line":32,"column":null}},{"start":{},"end":{}}],"line":13},"1":{"loc":{"start":{"line":13,"column":10},"end":{"line":13,"column":68}},"type":"binary-expr","locations":[{"start":{"line":13,"column":10},"end":{"line":13,"column":22}},{"start":{"line":13,"column":22},"end":{"line":13,"column":68}}],"line":13},"2":{"loc":{"start":{"line":40,"column":4},"end":{"line":43,"column":null}},"type":"if","locations":[{"start":{"line":40,"column":4},"end":{"line":43,"column":null}},{"start":{},"end":{}}],"line":40},"3":{"loc":{"start":{"line":59,"column":9},"end":{"line":65,"column":null}},"type":"cond-expr","locations":[{"start":{"line":60,"column":10},"end":{"line":63,"column":null}},{"start":{"line":65,"column":10},"end":{"line":65,"column":null}}],"line":59}},"s":{"0":0,"1":0,"2":0,"3":0,"4":0,"5":0,"6":0,"7":0,"8":0,"9":0,"10":0,"11":0,"12":0,"13":0,"14":0,"15":0},"f":{"0":0,"1":0,"2":0,"3":0,"4":0,"5":0},"b":{"0":[0,0],"1":[0,0],"2":[0,0],"3":[0,0]},"meta":{"lastBranch":4,"lastFunction":6,"lastStatement":16,"seen":{"s:5:20:78:Infinity":0,"f:5:20:5:26":0,"s:6:8:6:Infinity":1,"s:7:42:7:Infinity":2,"s:9:2:37:Infinity":3,"f:9:12:9:18":1,"s:12:24:33:Infinity":4,"f:12:36:12:42":2,"b:13:6:32:Infinity:undefined:undefined:undefined:undefined":0,"s:13:6:32:Infinity":5,"b:13:10:13:22:13:22:13:68":1,"s:16:8:28:Infinity":6,"f:25:32:25:33":3,"s:26:12:26:Infinity":7,"s:31:8:31:Infinity":8,"s:36:4:36:Infinity":9,"f:36:11:36:17":4,"s:36:17:36:Infinity":10,"s:39:24:44:Infinity":11,"f:39:24:39:30":5,"b:40:4:43:Infinity:undefined:undefined:undefined:undefined":2,"s:40:4:43:Infinity":12,"s:41:6:41:Infinity":13,"s:42:6:42:Infinity":14,"s:46:2:76:Infinity":15,"b:60:10:63:Infinity:65:10:65:Infinity":3}}}
,"C:\\Users\\eloro\\Desktop\\La Fabrique Numérique\\Cours\\Examens\\cafthe-front\\src\\pages\\CreationClientMagasin.jsx": {"path":"C:\\Users\\eloro\\Desktop\\La Fabrique Numérique\\Cours\\Examens\\cafthe-front\\src\\pages\\CreationClientMagasin.jsx","statementMap":{"0":{"start":{"line":6,"column":30},"end":{"line":141,"column":null}},"1":{"start":{"line":8,"column":8},"end":{"line":8,"column":null}},"2":{"start":{"line":11,"column":30},"end":{"line":16,"column":null}},"3":{"start":{"line":19,"column":28},"end":{"line":19,"column":null}},"4":{"start":{"line":22,"column":23},"end":{"line":61,"column":null}},"5":{"start":{"line":23,"column":4},"end":{"line":23,"column":null}},"6":{"start":{"line":27,"column":20},"end":{"line":31,"column":null}},"7":{"start":{"line":33,"column":4},"end":{"line":60,"column":null}},"8":{"start":{"line":35,"column":23},"end":{"line":39,"column":null}},"9":{"start":{"line":41,"column":19},"end":{"line":41,"column":null}},"10":{"start":{"line":43,"column":6},"end":{"line":56,"column":null}},"11":{"start":{"line":45,"column":8},"end":{"line":48,"column":null}},"12":{"start":{"line":49,"column":8},"end":{"line":49,"column":null}},"13":{"start":{"line":52,"column":8},"end":{"line":55,"column":null}},"14":{"start":{"line":59,"column":6},"end":{"line":59,"column":null}},"15":{"start":{"line":63,"column":2},"end":{"line":139,"column":null}},"16":{"start":{"line":84,"column":16},"end":{"line":84,"column":null}},"17":{"start":{"line":94,"column":16},"end":{"line":94,"column":null}},"18":{"start":{"line":106,"column":14},"end":{"line":106,"column":null}},"19":{"start":{"line":116,"column":14},"end":{"line":116,"column":null}},"20":{"start":{"line":132,"column":27},"end":{"line":132,"column":null}}},"fnMap":{"0":{"name":"(anonymous_0)","decl":{"start":{"line":6,"column":30},"end":{"line":6,"column":36}},"loc":{"start":{"line":6,"column":36},"end":{"line":141,"column":null}},"line":6},"1":{"name":"(anonymous_1)","decl":{"start":{"line":22,"column":23},"end":{"line":22,"column":30}},"loc":{"start":{"line":22,"column":36},"end":{"line":61,"column":null}},"line":22},"2":{"name":"(anonymous_2)","decl":{"start":{"line":83,"column":24},"end":{"line":83,"column":25}},"loc":{"start":{"line":84,"column":16},"end":{"line":84,"column":null}},"line":84},"3":{"name":"(anonymous_3)","decl":{"start":{"line":93,"column":24},"end":{"line":93,"column":25}},"loc":{"start":{"line":94,"column":16},"end":{"line":94,"column":null}},"line":94},"4":{"name":"(anonymous_4)","decl":{"start":{"line":105,"column":22},"end":{"line":105,"column":23}},"loc":{"start":{"line":106,"column":14},"end":{"line":106,"column":null}},"line":106},"5":{"name":"(anonymous_5)","decl":{"start":{"line":115,"column":22},"end":{"line":115,"column":23}},"loc":{"start":{"line":116,"column":14},"end":{"line":116,"column":null}},"line":116},"6":{"name":"(anonymous_6)","decl":{"start":{"line":132,"column":21},"end":{"line":132,"column":27}},"loc":{"start":{"line":132,"column":27},"end":{"line":132,"column":null}},"line":132}},"branchMap":{"0":{"loc":{"start":{"line":43,"column":6},"end":{"line":56,"column":null}},"type":"if","locations":[{"start":{"line":43,"column":6},"end":{"line":56,"column":null}},{"start":{"line":50,"column":13},"end":{"line":56,"column":null}}],"line":43},"1":{"loc":{"start":{"line":54,"column":30},"end":{"line":54,"column":77}},"type":"binary-expr","locations":[{"start":{"line":54,"column":30},"end":{"line":54,"column":46}},{"start":{"line":54,"column":46},"end":{"line":54,"column":77}}],"line":54},"2":{"loc":{"start":{"line":70,"column":9},"end":{"line":71,"column":null}},"type":"binary-expr","locations":[{"start":{"line":70,"column":9},"end":{"line":70,"column":null}},{"start":{"line":71,"column":10},"end":{"line":71,"column":null}}],"line":70}},"s":{"0":0,"1":0,"2":0,"3":0,"4":0,"5":0,"6":0,"7":0,"8":0,"9":0,"10":0,"11":0,"12":0,"13":0,"14":0,"15":0,"16":0,"17":0,"18":0,"19":0,"20":0},"f":{"0":0,"1":0,"2":0,"3":0,"4":0,"5":0,"6":0},"b":{"0":[0,0],"1":[0,0],"2":[0,0]},"meta":{"lastBranch":3,"lastFunction":7,"lastStatement":21,"seen":{"s:6:30:141:Infinity":0,"f:6:30:6:36":0,"s:8:8:8:Infinity":1,"s:11:30:16:Infinity":2,"s:19:28:19:Infinity":3,"s:22:23:61:Infinity":4,"f:22:23:22:30":1,"s:23:4:23:Infinity":5,"s:27:20:31:Infinity":6,"s:33:4:60:Infinity":7,"s:35:23:39:Infinity":8,"s:41:19:41:Infinity":9,"b:43:6:56:Infinity:50:13:56:Infinity":0,"s:43:6:56:Infinity":10,"s:45:8:48:Infinity":11,"s:49:8:49:Infinity":12,"s:52:8:55:Infinity":13,"b:54:30:54:46:54:46:54:77":1,"s:59:6:59:Infinity":14,"s:63:2:139:Infinity":15,"b:70:9:70:Infinity:71:10:71:Infinity":2,"f:83:24:83:25":2,"s:84:16:84:Infinity":16,"f:93:24:93:25":3,"s:94:16:94:Infinity":17,"f:105:22:105:23":4,"s:106:14:106:Infinity":18,"f:115:22:115:23":5,"s:116:14:116:Infinity":19,"f:132:21:132:27":6,"s:132:27:132:Infinity":20}}}
[...]
6},"end":{"line":161,"column":null}},{"start":{"line":162,"column":16},"end":{"line":162,"column":null}}],"line":160},"21":{"loc":{"start":{"line":165,"column":11},"end":{"line":179,"column":null}},"type":"binary-expr","locations":[{"start":{"line":165,"column":11},"end":{"line":165,"column":null}},{"start":{"line":166,"column":12},"end":{"line":179,"column":null}}],"line":165},"22":{"loc":{"start":{"line":173,"column":52},"end":{"line":173,"column":80}},"type":"cond-expr","locations":[{"start":{"line":173,"column":67},"end":{"line":173,"column":78}},{"start":{"line":173,"column":78},"end":{"line":173,"column":80}}],"line":173},"23":{"loc":{"start":{"line":207,"column":13},"end":{"line":207,"column":null}},"type":"cond-expr","locations":[{"start":{"line":207,"column":25},"end":{"line":207,"column":47}},{"start":{"line":207,"column":47},"end":{"line":207,"column":null}}],"line":207}},"s":{"0":0,"1":0,"2":0,"3":0,"4":0,"5":0,"6":0,"7":0,"8":0,"9":0,"10":0,"11":0,"12":0,"13":0,"14":0,"15":0,"16":0,"17":0,"18":0,"19":0,"20":0,"21":0,"22":0,"23":0,"24":0,"25":0,"26":0,"27":0,"28":0,"29":0,"30":0,"31":0,"32":0,"33":0,"34":0,"35":0,"36":0,"37":0,"38":0,"39":0,"40":0,"41":0,"42":0,"43":0,"44":0,"45":0,"46":0,"47":0,"48":0,"49":0,"50":0,"51":0},"f":{"0":0,"1":0,"2":0,"3":0,"4":0,"5":0,"6":0,"7":0,"8":0,"9":0},"b":{"0":[0,0],"1":[0,0],"2":[0,0],"3":[0,0],"4":[0,0],"5":[0,0],"6":[0,0],"7":[0,0,0],"8":[0,0],"9":[0,0],"10":[0,0],"11":[0,0],"12":[0,0],"13":[0,0],"14":[0,0],"15":[0,0],"16":[0,0],"17":[0,0,0],"18":[0,0],"19":[0,0],"20":[0,0],"21":[0,0],"22":[0,0],"23":[0,0]},"meta":{"lastBranch":24,"lastFunction":10,"lastStatement":52,"seen":{"s:7:23:219:Infinity":0,"f:7:23:7:29":0,"s:9:13:9:Infinity":1,"s:12:28:12:Infinity":2,"s:13:28:13:Infinity":3,"s:14:26:14:Infinity":4,"s:15:30:15:Infinity":5,"s:17:17:17:Infinity":6,"b:17:17:17:49:17:49:17:Infinity":0,"s:18:29:18:Infinity":7,"s:20:2:43:Infinity":8,"f:20:12:20:18":1,"s:21:25:39:Infinity":9,"f:21:25:21:37":2,"s:22:6:38:Infinity":10,"s:24:25:24:Infinity":11,"s:25:21:25:Infinity":12,"b:26:8:33:Infinity:undefined:undefined:undefined:undefined":1,"s:26:8:33:Infinity":13,"b:26:12:26:20:26:20:26:35":2,"s:27:24:29:Infinity":14,"f:28:12:28:13":3,"s:28:19:28:Infinity":15,"s:30:10:30:Infinity":16,"b:32:10:32:Infinity:undefined:undefined:undefined:undefined":3,"s:32:10:32:Infinity":17,"b:32:14:32:23:32:23:32:51":4,"s:32:51:32:Infinity":18,"s:35:8:35:Infinity":19,"s:37:8:37:Infinity":20,"s:40:4:40:Infinity":21,"s:42:4:42:Infinity":22,"s:46:26:93:Infinity":23,"f:46:26:46:32":4,"b:47:4:47:Infinity:undefined:undefined:undefined:undefined":5,"s:47:4:47:Infinity":24,"s:47:18:47:Infinity":25,"s:48:19:48:Infinity":26,"b:48:19:48:65:48:65:48:Infinity":6,"s:49:19:49:Infinity":27,"s:52:22:52:Infinity":28,"s:54:7:55:Infinity":29,"b:54:7:54:27:54:27:54:Infinity:54:40:55:Infinity":7,"b:55:7:55:30:55:30:55:34":8,"s:56:24:56:Infinity":30,"b:56:35:56:41:56:41:56:Infinity":9,"s:60:21:62:Infinity":31,"b:61:8:61:Infinity:62:8:62:Infinity":10,"s:66:6:66:Infinity":32,"b:66:6:66:34:66:34:66:Infinity":11,"s:68:26:70:Infinity":33,"f:69:6:69:7":5,"s:69:16:69:Infinity":34,"b:72:4:87:Infinity:75:11:87:Infinity":12,"s:72:4:87:Infinity":35,"s:74:6:74:Infinity":36,"s:77:6:86:Infinity":37,"b:82:25:82:34:82:34:82:Infinity":13,"s:90:4:90:Infinity":38,"s:91:4:91:Infinity":39,"s:92:4:92:Infinity":40,"b:96:2:97:Infinity:undefined:undefined:undefined:undefined":14,"s:96:2:97:Infinity":41,"s:97:4:97:Infinity":42,"b:100:2:104:Infinity:undefined:undefined:undefined:undefined":15,"s:100:2:104:Infinity":43,"s:101:4:104:Infinity":44,"s:107:16:107:Infinity":45,"s:108:8:111:Infinity":46,"b:109:5:109:33:109:33:109:Infinity":16,"s:113:2:217:Infinity":47,"b:136:13:136:26:136:26:136:Infinity:137:14:137:Infinity":17,"b:143:11:143:Infinity:144:12:146:Infinity":18,"b:158:59:158:72:158:72:158:86":19,"b:161:16:161:Infinity:162:16:162:Infinity":20,"b:165:11:165:Infinity:166:12:179:Infinity":21,"f:169:40:169:41":6,"s:170:18:176:Infinity":48,"f:172:29:172:35":7,"s:172:35:172:Infinity":49,"b:173:67:173:78:173:78:173:80":22,"f:186:25:186:31":8,"s:186:31:186:Infinity":50,"f:193:25:193:31":9,"s:193:31:193:Infinity":51,"b:207:25:207:47:207:47:207:Infinity":23}}}
,"C:\\Users\\eloro\\Desktop\\La Fabrique Numérique\\Cours\\Examens\\cafthe-front\\src\\pages\\ProductList.jsx": {"path":"C:\\Users\\eloro\\Desktop\\La Fabrique Numérique\\Cours\\Examens\\cafthe-front\\src\\pages\\ProductList.jsx","statementMap":{"0":{"start":{"line":7,"column":20},"end":{"line":57,"column":null}},"1":{"start":{"line":8,"column":30},"end":{"line":8,"column":null}},"2":{"start":{"line":9,"column":32},"end":{"line":9,"column":null}},"3":{"start":{"line":10,"column":24},"end":{"line":10,"column":null}},"4":{"start":{"line":12,"column":2},"end":{"line":29,"column":null}},"5":{"start":{"line":13,"column":26},"end":{"line":27,"column":null}},"6":{"start":{"line":14,"column":6},"end":{"line":26,"column":null}},"7":{"start":{"line":15,"column":8},"end":{"line":15,"column":null}},"8":{"start":{"line":16,"column":25},"end":{"line":18,"column":null}},"9":{"start":{"line":19,"column":21},"end":{"line":19,"column":null}},"10":{"start":{"line":20,"column":22},"end":{"line":20,"column":null}},"11":{"start":{"line":21,"column":8},"end":{"line":21,"column":null}},"12":{"start":{"line":23,"column":8},"end":{"line":23,"column":null}},"13":{"start":{"line":25,"column":8},"end":{"line":25,"column":null}},"14":{"start":{"line":28,"column":4},"end":{"line":28,"column":null}},"15":{"start":{"line":31,"column":2},"end":{"line":31,"column":null}},"16":{"start":{"line":31,"column":13},"end":{"line":31,"column":null}},"17":{"start":{"line":33,"column":2},"end":{"line":55,"column":null}},"18":{"start":{"line":43,"column":16},"end":{"line":49,"column":null}},"19":{"start":{"line":52,"column":14},"end":{"line":52,"column":null}}},"fnMap":{"0":{"name":"(anonymous_0)","decl":{"start":{"line":7,"column":20},"end":{"line":7,"column":26}},"loc":{"start":{"line":7,"column":26},"end":{"line":57,"column":null}},"line":7},"1":{"name":"(anonymous_1)","decl":{"start":{"line":12,"column":12},"end":{"line":12,"column":18}},"loc":{"start":{"line":12,"column":18},"end":{"line":29,"column":5}},"line":12},"2":{"name":"(anonymous_2)","decl":{"start":{"line":13,"column":26},"end":{"line":13,"column":38}},"loc":{"start":{"line":13,"column":38},"end":{"line":27,"column":null}},"line":13},"3":{"name":"(anonymous_3)","decl":{"start":{"line":42,"column":19},"end":{"line":42,"column":20}},"loc":{"start":{"line":43,"column":16},"end":{"line":49,"column":null}},"line":43},"4":{"name":"(anonymous_4)","decl":{"start":{"line":51,"column":25},"end":{"line":51,"column":26}},"loc":{"start":{"line":52,"column":14},"end":{"line":52,"column":null}},"line":52}},"branchMap":{"0":{"loc":{"start":{"line":20,"column":22},"end":{"line":20,"column":null}},"type":"binary-expr","locations":[{"start":{"line":20,"column":22},"end":{"line":20,"column":39}},{"start":{"line":20,"column":39},"end":{"line":20,"column":55}},{"start":{"line":20,"column":55},"end":{"line":20,"column":null}}],"line":20},"1":{"loc":{"start":{"line":21,"column":20},"end":{"line":21,"column":53}},"type":"cond-expr","locations":[{"start":{"line":21,"column":43},"end":{"line":21,"column":51}},{"start":{"line":21,"column":51},"end":{"line":21,"column":53}}],"line":21},"2":{"loc":{"start":{"line":31,"column":2},"end":{"line":31,"column":null}},"type":"if","locations":[{"start":{"line":31,"column":2},"end":{"line":31,"column":null}},{"start":{},"end":{}}],"line":31},"3":{"loc":{"start":{"line":38,"column":9},"end":{"line":53,"column":null}},"type":"cond-expr","locations":[{"start":{"line":40,"column":12},"end":{"line":50,"column":null}},{"start":{"line":51,"column":12},"end":{"line":53,"column":null}}],"line":38}},"s":{"0":0,"1":0,"2":0,"3":0,"4":0,"5":0,"6":0,"7":0,"8":0,"9":0,"10":0,"11":0,"12":0,"13":0,"14":0,"15":0,"16":0,"17":0,"18":0,"19":0},"f":{"0":0,"1":0,"2":0,"3":0,"4":0},"b":{"0":[0,0,0],"1":[0,0],"2":[0,0],"3":[0,0]},"meta":{"lastBranch":4,"lastFunction":5,"lastStatement":20,"seen":{"s:7:20:57:Infinity":0,"f:7:20:7:26":0,"s:8:30:8:Infinity":1,"s:9:32:9:Infinity":2,"s:10:24:10:Infinity":3,"s:12:2:29:Infinity":4,"f:12:12:12:18":1,"s:13:26:27:Infinity":5,"f:13:26:13:38":2,"s:14:6:26:Infinity":6,"s:15:8:15:Infinity":7,"s:16:25:18:Infinity":8,"s:19:21:19:Infinity":9,"s:20:22:20:Infinity":10,"b:20:22:20:39:20:39:20:55:20:55:20:Infinity":0,"s:21:8:21:Infinity":11,"b:21:43:21:51:21:51:21:53":1,"s:23:8:23:Infinity":12,"s:25:8:25:Infinity":13,"s:28:4:28:Infinity":14,"b:31:2:31:Infinity:undefined:undefined:undefined:undefined":2,"s:31:2:31:Infinity":15,"s:31:13:31:Infinity":16,"s:33:2:55:Infinity":17,"b:40:12:50:Infinity:51:12:53:Infinity":3,"f:42:19:42:20":3,"s:43:16:49:Infinity":18,"f:51:25:51:26":4,"s:52:14:52:Infinity":19}}}
,"C:\\Users\\eloro\\Desktop\\La Fabrique Numérique\\Cours\\Examens\\cafthe-front\\src\\pages\\Register.jsx": {"path":"C:\\Users\\eloro\\Desktop\\La Fabrique Numérique\\Cours\\Examens\\cafthe-front\\src\\pages\\Register.jsx","statementMap":{"0":{"start":{"line":5,"column":17},"end":{"line":185,"column":null}},"1":{"start":{"line":6,"column":8},"end":{"line":6,"column":null}},"2":{"start":{"line":7,"column":30},"end":{"line":7,"column":null}},"3":{"start":{"line":8,"column":34},"end":{"line":8,"column":null}},"4":{"start":{"line":9,"column":34},"end":{"line":9,"column":null}},"5":{"start":{"line":10,"column":30},"end":{"line":19,"column":null}},"6":{"start":{"line":21,"column":23},"end":{"line":26,"column":null}},"7":{"start":{"line":22,"column":4},"end":{"line":22,"column":null}},"8":{"start":{"line":23,"column":4},"end":{"line":25,"column":null}},"9":{"start":{"line":24,"column":6},"end":{"line":24,"column":null}},"10":{"start":{"line":28,"column":23},"end":{"line":54,"column":null}},"11":{"start":{"line":29,"column":19},"end":{"line":29,"column":null}},"12":{"start":{"line":30,"column":23},"end":{"line":30,"column":null}},"13":{"start":{"line":32,"column":6},"end":{"line":32,"column":null}},"14":{"start":{"line":34,"column":4},"end":{"line":35,"column":null}},"15":{"start":{"line":35,"column":6},"end":{"line":35,"column":null}},"16":{"start":{"line":36,"column":4},"end":{"line":37,"column":null}},"17":{"start":{"line":37,"column":6},"end":{"line":37,"column":null}},"18":{"start":{"line":38,"column":4},"end":{"line":39,"column":null}},"19":{"start":{"line":39,"column":6},"end":{"line":39,"column":null}},"20":{"start":{"line":41,"column":4},"end":{"line":44,"column":null}},"21":{"start":{"line":42,"column":6},"end":{"line":43,"column":null}},"22":{"start":{"line":47,"column":4},"end":{"line":50,"column":null}},"23":{"start":{"line":48,"column":6},"end":{"line":48,"column":null}},"24":{"start":{"line":49,"column":6},"end":{"line":49,"column":null}},"25":{"start":{"line":52,"column":4},"end":{"line":52,"column":null}},"26":{"start":{"line":53,"column":4},"end":{"line":53,"column":null}},"27":{"start":{"line":56,"column":23},"end":{"line":81,"column":null}},"28":{"start":{"line":57,"column":4},"end":{"line":57,"column":null}},"29":{"start":{"line":58,"column":4},"end":{"line":58,"column":null}},"30":{"start":{"line":59,"column":4},"end":{"line":59,"column":null}},"31":{"start":{"line":60,"column":4},"end":{"line":60,"column":null}},"32":{"start":{"line":60,"column":25},"end":{"line":60,"column":null}},"33":{"start":{"line":62,"column":20},"end":{"line":62,"column":null}},"34":{"start":{"line":64,"column":4},"end":{"line":80,"column":null}},"35":{"start":{"line":65,"column":23},"end":{"line":69,"column":null}},"36":{"start":{"line":71,"column":6},"end":{"line":77,"column":null}},"37":{"start":{"line":72,"column":8},"end":{"line":72,"column":null}},"38":{"start":{"line":73,"column":8},"end":{"line":73,"column":null}},"39":{"start":{"line":73,"column":25},"end":{"line":73,"column":45}},"40":{"start":{"line":75,"column":21},"end":{"line":75,"column":null}},"41":{"start":{"line":76,"column":8},"end":{"line":76,"column":null}},"42":{"start":{"line":79,"column":6},"end":{"line":79,"column":null}},"43":{"start":{"line":83,"column":2},"end":{"line":183,"column":null}}},"fnMap":{"0":{"name":"(anonymous_0)","decl":{"start":{"line":5,"column":17},"end":{"line":5,"column":23}},"loc":{"start":{"line":5,"column":23},"end":{"line":185,"column":null}},"line":5},"1":{"name":"(anonymous_1)","decl":{"start":{"line":21,"column":23},"end":{"line":21,"column":24}},"loc":{"start":{"line":21,"column":30},"end":{"line":26,"column":null}},"line":21},"2":{"name":"(anonymous_2)","decl":{"start":{"line":28,"column":23},"end":{"line":28,"column":29}},"loc":{"start":{"line":28,"column":29},"end":{"line":54,"column":null}},"line":28},"3":{"name":"(anonymous_3)","decl":{"start":{"line":56,"column":23},"end":{"line":56,"column":30}},"loc":{"start":{"line":56,"column":36},"end":{"line":81,"column":null}},"line":56},"4":{"name":"(anonymous_4)","decl":{"start":{"line":73,"column":19},"end":{"line":73,"column":25}},"loc":{"start":{"line":73,"column":25},"end":{"line":73,"column":45}},"line":73}},"branchMap":{"0":{"loc":{"start":{"line":23,"column":4},"end":{"line":25,"column":null}},"type":"if","locations":[{"start":{"line":23,"column":4},"end":{"line":25,"column":null}},{"start":{},"end":{}}],"line":23},"1":{"loc":{"start":{"line":34,"column":4},"end":{"line":35,"column":null}},"type":"if","locations":[{"start":{"line":34,"column":4},"end":{"line":35,"column":null}},{"start":{},"end":{}}],"line":34},"2":{"loc":{"start":{"line":36,"column":4},"end":{"line":37,"column":null}},"type":"if","locations":[{"start":{"line":36,"column":4},"end":{"line":37,"column":null}},{"start":{},"end":{}}],"line":36},"3":{"loc":{"start":{"line":38,"column":4},"end":{"line":39,"column":null}},"type":"if","locations":[{"start":{"line":38,"column":4},"end":{"line":39,"column":null}},{"start":{},"end":{}}],"line":38},"4":{"loc":{"start":{"line":41,"column":4},"end":{"line":44,"column":null}},"type":"if","locations":[{"start":{"line":41,"column":4},"end":{"line":44,"column":null}},{"start":{},"end":{}}],"line":41},"5":{"loc":{"start":{"line":47,"column":4},"end":{"line":50,"column":null}},"type":"if","locations":[{"start":{"line":47,"column":4},"end":{"line":50,"column":null}},{"start":{},"end":{}}],"line":47},"6":{"loc":{"start":{"line":60,"column":4},"end":{"line":60,"column":null}},"type":"if","locations":[{"start":{"line":60,"column":4},"end":{"line":60,"column":null}},{"start":{},"end":{}}],"line":60},"7":{"loc":{"start":{"line":62,"column":20},"end":{"line":62,"column":null}},"type":"binary-expr","locations":[{"start":{"line":62,"column":20},"end":{"line":62,"column":52}},{"start":{"line":62,"column":52},"end":{"line":62,"column":null}}],"line":62},"8":{"loc":{"start":{"line":71,"column":6},"end":{"line":77,"column":null}},"type":"if","locations":[{"start":{"line":71,"column":6},"end":{"line":77,"column":null}},{"start":{"line":74,"column":13},"end":{"line":77,"column":null}}],"line":71},"9":{"loc":{"start":{"line":76,"column":20},"end":{"line":76,"column":66}},"type":"binary-expr","locations":[{"start":{"line":76,"column":20},"end":{"line":76,"column":36}},{"start":{"line":76,"column":36},"end":{"line":76,"column":66}}],"line":76},"10":{"loc":{"start":{"line":94,"column":9},"end":{"line":94,"column":null}},"type":"binary-expr","locations":[{"start":{"line":94,"column":9},"end":{"line":94,"column":21}},{"start":{"line":94,"column":21},"end":{"line":94,"column":null}}],"line":94},"11":{"loc":{"start":{"line":95,"column":9},"end":{"line":98,"column":null}},"type":"binary-expr","locations":[{"start":{"line":95,"column":9},"end":{"line":95,"column":null}},{"start":{"line":96,"column":10},"end":{"line":98,"column":null}}],"line":95},"12":{"loc":{"start":{"line":113,"column":37},"end":{"line":113,"column":79}},"type":"cond-expr","locations":[{"start":{"line":113,"column":63},"end":{"line":113,"column":77}},{"start":{"line":113,"column":77},"end":{"line":113,"column":79}}],"line":113},"13":{"loc":{"start":{"line":129,"column":37},"end":{"line":129,"column":77}},"type":"cond-expr","locations":[{"start":{"line":129,"column":61},"end":{"line":129,"column":75}},{"start":{"line":129,"column":75},"end":{"line":129,"column":77}}],"line":129},"14":{"loc":{"start":{"line":160,"column":39},"end":{"line":160,"column":79}},"type":"cond-expr","locations":[{"start":{"line":160,"column":63},"end":{"line":160,"column":77}},{"start":{"line":160,"column":77},"end":{"line":160,"column":79}}],"line":160},"15":{"loc":{"start":{"line":173,"column":39},"end":{"line":173,"column":82}},"type":"cond-expr","locations":[{"start":{"line":173,"column":66},"end":{"line":173,"column":80}},{"start":{"line":173,"column":80},"end":{"line":173,"column":82}}],"line":173}},"s":{"0":2,"1":15,"2":15,"3":15,"4":15,"5":15,"6":15,"7":8,"8":8,"9":0,"10":15,"11":2,"12":2,"13":2,"14":2,"15":1,"16":2,"17":1,"18":2,"19":1,"20":2,"21":0,"22":2,"23":1,"24":1,"25":1,"26":1,"27":15,"28":2,"29":2,"30":2,"31":2,"32":1,"33":1,"34":2,"35":2,"36":1,"37":1,"38":1,"39":0,"40":0,"41":0,"42":0,"43":15},"f":{"0":15,"1":8,"2":2,"3":2,"4":0},"b":{"0":[0,8],"1":[1,1],"2":[1,1],"3":[1,1],"4":[0,2],"5":[1,1],"6":[1,1],"7":[1,0],"8":[1,0],"9":[0,0],"10":[15,1],"11":[15,1],"12":[0,15],"13":[0,15],"14":[0,15],"15":[0,15]},"meta":{"lastBranch":16,"lastFunction":5,"lastStatement":44,"seen":{"s:5:17:185:Infinity":0,"f:5:17:5:23":0,"s:6:8:6:Infinity":1,"s:7:30:7:Infinity":2,"s:8:34:8:Infinity":3,"s:9:34:9:Infinity":4,"s:10:30:19:Infinity":5,"s:21:23:26:Infinity":6,"f:21:23:21:24":1,"s:22:4:22:Infinity":7,"b:23:4:25:Infinity:undefined:undefined:undefined:undefined":0,"s:23:4:25:Infinity":8,"s:24:6:24:Infinity":9,"s:28:23:54:Infinity":10,"f:28:23:28:29":2,"s:29:19:29:Infinity":11,"s:30:23:30:Infinity":12,"s:32:6:32:Infinity":13,"b:34:4:35:Infinity:undefined:undefined:undefined:undefined":1,"s:34:4:35:Infinity":14,"s:35:6:35:Infinity":15,"b:36:4:37:Infinity:undefined:undefined:undefined:undefined":2,"s:36:4:37:Infinity":16,"s:37:6:37:Infinity":17,"b:38:4:39:Infinity:undefined:undefined:undefined:undefined":3,"s:38:4:39:Infinity":18,"s:39:6:39:Infinity":19,"b:41:4:44:Infinity:undefined:undefined:undefined:undefined":4,"s:41:4:44:Infinity":20,"s:42:6:43:Infinity":21,"b:47:4:50:Infinity:undefined:undefined:undefined:undefined":5,"s:47:4:50:Infinity":22,"s:48:6:48:Infinity":23,"s:49:6:49:Infinity":24,"s:52:4:52:Infinity":25,"s:53:4:53:Infinity":26,"s:56:23:81:Infinity":27,"f:56:23:56:30":3,"s:57:4:57:Infinity":28,"s:58:4:58:Infinity":29,"s:59:4:59:Infinity":30,"b:60:4:60:Infinity:undefined:undefined:undefined:undefined":6,"s:60:4:60:Infinity":31,"s:60:25:60:Infinity":32,"s:62:20:62:Infinity":33,"b:62:20:62:52:62:52:62:Infinity":7,"s:64:4:80:Infinity":34,"s:65:23:69:Infinity":35,"b:71:6:77:Infinity:74:13:77:Infinity":8,"s:71:6:77:Infinity":36,"s:72:8:72:Infinity":37,"s:73:8:73:Infinity":38,"f:73:19:73:25":4,"s:73:25:73:45":39,"s:75:21:75:Infinity":40,"s:76:8:76:Infinity":41,"b:76:20:76:36:76:36:76:66":9,"s:79:6:79:Infinity":42,"s:83:2:183:Infinity":43,"b:94:9:94:21:94:21:94:Infinity":10,"b:95:9:95:Infinity:96:10:98:Infinity":11,"b:113:63:113:77:113:77:113:79":12,"b:129:61:129:75:129:75:129:77":13,"b:160:63:160:77:160:77:160:79":14,"b:173:66:173:80:173:80:173:82":15}}}
,"C:\\Users\\eloro\\Desktop\\La Fabrique Numérique\\Cours\\Examens\\cafthe-front\\src\\pages\\Univers.jsx": {"path":"C:\\Users\\eloro\\Desktop\\La Fabrique Numérique\\Cours\\Examens\\cafthe-front\\src\\pages\\Univers.jsx","statementMap":{"0":{"start":{"line":4,"column":16},"end":{"line":152,"column":null}},"1":{"start":{"line":5,"column":2},"end":{"line":150,"column":null}}},"fnMap":{"0":{"name":"(anonymous_0)","decl":{"start":{"line":4,"column":16},"end":{"line":4,"column":22}},"loc":{"start":{"line":4,"column":22},"end":{"line":152,"column":null}},"line":4}},"branchMap":{},"s":{"0":0,"1":0},"f":{"0":0},"b":{},"meta":{"lastBranch":0,"lastFunction":1,"lastStatement":2,"seen":{"s:4:16:152:Infinity":0,"f:4:16:4:22":0,"s:5:2:150:Infinity":1}}}
}
